CRITICAL - 2023-06-20 02:43:35 --> Undefined variable $variable
in APPPATH\Controllers\Anime.php on line 107.
 1 APPPATH\Controllers\Anime.php(107): CodeIgniter\Debug\Exceptions->errorHandler(2, 'Undefined variable $variable', 'C:\\xampp\\htdocs\\ci4-anime-api\\app\\Controllers\\Anime.php', 107)
 2 APPPATH\Controllers\Anime.php(81): App\Controllers\Anime->generateGenres([...])
 3 SYSTEMPATH\CodeIgniter.php(934): App\Controllers\Anime->getAllGenres()
 4 SYSTEMPATH\CodeIgniter.php(499): CodeIgniter\CodeIgniter->runController(Object(App\Controllers\Anime))
 5 SYSTEMPATH\CodeIgniter.php(368): CodeIgniter\CodeIgniter->handleRequest(null, Object(Config\Cache), false)
 6 FCPATH\index.php(67): CodeIgniter\CodeIgniter->run()
CRITICAL - 2023-06-20 02:43:59 --> Undefined variable $variable
in APPPATH\Controllers\Anime.php on line 107.
 1 APPPATH\Controllers\Anime.php(107): CodeIgniter\Debug\Exceptions->errorHandler(2, 'Undefined variable $variable', 'C:\\xampp\\htdocs\\ci4-anime-api\\app\\Controllers\\Anime.php', 107)
 2 APPPATH\Controllers\Anime.php(81): App\Controllers\Anime->generateGenres([...])
 3 SYSTEMPATH\CodeIgniter.php(934): App\Controllers\Anime->getAllGenres()
 4 SYSTEMPATH\CodeIgniter.php(499): CodeIgniter\CodeIgniter->runController(Object(App\Controllers\Anime))
 5 SYSTEMPATH\CodeIgniter.php(368): CodeIgniter\CodeIgniter->handleRequest(null, Object(Config\Cache), false)
 6 FCPATH\index.php(67): CodeIgniter\CodeIgniter->run()
CRITICAL - 2023-06-20 02:44:22 --> Undefined variable $variable
in APPPATH\Controllers\Anime.php on line 107.
 1 APPPATH\Controllers\Anime.php(107): CodeIgniter\Debug\Exceptions->errorHandler(2, 'Undefined variable $variable', 'C:\\xampp\\htdocs\\ci4-anime-api\\app\\Controllers\\Anime.php', 107)
 2 APPPATH\Controllers\Anime.php(81): App\Controllers\Anime->generateGenres([...])
 3 SYSTEMPATH\CodeIgniter.php(934): App\Controllers\Anime->getAllGenres()
 4 SYSTEMPATH\CodeIgniter.php(499): CodeIgniter\CodeIgniter->runController(Object(App\Controllers\Anime))
 5 SYSTEMPATH\CodeIgniter.php(368): CodeIgniter\CodeIgniter->handleRequest(null, Object(Config\Cache), false)
 6 FCPATH\index.php(67): CodeIgniter\CodeIgniter->run()
CRITICAL - 2023-06-20 02:47:23 --> syntax error, unexpected token "foreach"
in APPPATH\Controllers\Anime.php on line 108.
 1 SYSTEMPATH\Autoloader\Autoloader.php(289): CodeIgniter\Autoloader\Autoloader->includeFile('C:\\xampp\\htdocs\\ci4-anime-api\\app\\Controllers\\Anime.php')
 2 SYSTEMPATH\Autoloader\Autoloader.php(267): CodeIgniter\Autoloader\Autoloader->loadInNamespace('App\\Controllers\\Anime')
 3 [internal function]: CodeIgniter\Autoloader\Autoloader->loadClass('App\\Controllers\\Anime')
 4 SYSTEMPATH\CodeIgniter.php(892): class_exists('\\App\\Controllers\\Anime', true)
 5 SYSTEMPATH\CodeIgniter.php(486): CodeIgniter\CodeIgniter->startController()
 6 SYSTEMPATH\CodeIgniter.php(368): CodeIgniter\CodeIgniter->handleRequest(null, Object(Config\Cache), false)
 7 FCPATH\index.php(67): CodeIgniter\CodeIgniter->run()
WARNING - 2023-06-20 02:54:49 --> [DEPRECATED] explode(): Passing null to parameter #2 ($string) of type string is deprecated in APPPATH\Controllers\Anime.php on line 117.
 1 APPPATH\Controllers\Anime.php(117): explode(', ', null)
 2 APPPATH\Controllers\Anime.php(81): App\Controllers\Anime->generateGenres([...])
 3 SYSTEMPATH\CodeIgniter.php(934): App\Controllers\Anime->getAllGenres()
 4 SYSTEMPATH\CodeIgniter.php(499): CodeIgniter\CodeIgniter->runController(Object(App\Controllers\Anime))
 5 SYSTEMPATH\CodeIgniter.php(368): CodeIgniter\CodeIgniter->handleRequest(null, Object(Config\Cache), false)
 6 FCPATH\index.php(67): CodeIgniter\CodeIgniter->run()
WARNING - 2023-06-20 03:04:08 --> [DEPRECATED] explode(): Passing null to parameter #2 ($string) of type string is deprecated in APPPATH\Controllers\Anime.php on line 117.
 1 APPPATH\Controllers\Anime.php(117): explode(', ', null)
 2 APPPATH\Controllers\Anime.php(81): App\Controllers\Anime->generateGenres([...])
 3 SYSTEMPATH\CodeIgniter.php(934): App\Controllers\Anime->getAllGenres()
 4 SYSTEMPATH\CodeIgniter.php(499): CodeIgniter\CodeIgniter->runController(Object(App\Controllers\Anime))
 5 SYSTEMPATH\CodeIgniter.php(368): CodeIgniter\CodeIgniter->handleRequest(null, Object(Config\Cache), false)
 6 FCPATH\index.php(67): CodeIgniter\CodeIgniter->run()
WARNING - 2023-06-20 03:04:25 --> [DEPRECATED] explode(): Passing null to parameter #2 ($string) of type string is deprecated in APPPATH\Controllers\Anime.php on line 117.
 1 APPPATH\Controllers\Anime.php(117): explode(', ', null)
 2 APPPATH\Controllers\Anime.php(81): App\Controllers\Anime->generateGenres([...])
 3 SYSTEMPATH\CodeIgniter.php(934): App\Controllers\Anime->getAllGenres()
 4 SYSTEMPATH\CodeIgniter.php(499): CodeIgniter\CodeIgniter->runController(Object(App\Controllers\Anime))
 5 SYSTEMPATH\CodeIgniter.php(368): CodeIgniter\CodeIgniter->handleRequest(null, Object(Config\Cache), false)
 6 FCPATH\index.php(67): CodeIgniter\CodeIgniter->run()
WARNING - 2023-06-20 03:05:05 --> [DEPRECATED] explode(): Passing null to parameter #2 ($string) of type string is deprecated in APPPATH\Controllers\Anime.php on line 117.
 1 APPPATH\Controllers\Anime.php(117): explode(', ', null)
 2 APPPATH\Controllers\Anime.php(81): App\Controllers\Anime->generateGenres([...])
 3 SYSTEMPATH\CodeIgniter.php(934): App\Controllers\Anime->getAllGenres()
 4 SYSTEMPATH\CodeIgniter.php(499): CodeIgniter\CodeIgniter->runController(Object(App\Controllers\Anime))
 5 SYSTEMPATH\CodeIgniter.php(368): CodeIgniter\CodeIgniter->handleRequest(null, Object(Config\Cache), false)
 6 FCPATH\index.php(67): CodeIgniter\CodeIgniter->run()
WARNING - 2023-06-20 03:07:09 --> [DEPRECATED] explode(): Passing null to parameter #2 ($string) of type string is deprecated in APPPATH\Controllers\Anime.php on line 119.
 1 APPPATH\Controllers\Anime.php(119): explode(', ', null)
 2 APPPATH\Controllers\Anime.php(81): App\Controllers\Anime->generateGenres([...])
 3 SYSTEMPATH\CodeIgniter.php(934): App\Controllers\Anime->getAllGenres()
 4 SYSTEMPATH\CodeIgniter.php(499): CodeIgniter\CodeIgniter->runController(Object(App\Controllers\Anime))
 5 SYSTEMPATH\CodeIgniter.php(368): CodeIgniter\CodeIgniter->handleRequest(null, Object(Config\Cache), false)
 6 FCPATH\index.php(67): CodeIgniter\CodeIgniter->run()
WARNING - 2023-06-20 03:07:15 --> [DEPRECATED] explode(): Passing null to parameter #2 ($string) of type string is deprecated in APPPATH\Controllers\Anime.php on line 119.
 1 APPPATH\Controllers\Anime.php(119): explode(', ', null)
 2 APPPATH\Controllers\Anime.php(81): App\Controllers\Anime->generateGenres([...])
 3 SYSTEMPATH\CodeIgniter.php(934): App\Controllers\Anime->getAllGenres()
 4 SYSTEMPATH\CodeIgniter.php(499): CodeIgniter\CodeIgniter->runController(Object(App\Controllers\Anime))
 5 SYSTEMPATH\CodeIgniter.php(368): CodeIgniter\CodeIgniter->handleRequest(null, Object(Config\Cache), false)
 6 FCPATH\index.php(67): CodeIgniter\CodeIgniter->run()
WARNING - 2023-06-20 03:09:15 --> [DEPRECATED] explode(): Passing null to parameter #2 ($string) of type string is deprecated in APPPATH\Controllers\Anime.php on line 120.
 1 APPPATH\Controllers\Anime.php(120): explode(', ', null)
 2 APPPATH\Controllers\Anime.php(80): App\Controllers\Anime->generateGenres([...])
 3 SYSTEMPATH\CodeIgniter.php(934): App\Controllers\Anime->getAllGenres()
 4 SYSTEMPATH\CodeIgniter.php(499): CodeIgniter\CodeIgniter->runController(Object(App\Controllers\Anime))
 5 SYSTEMPATH\CodeIgniter.php(368): CodeIgniter\CodeIgniter->handleRequest(null, Object(Config\Cache), false)
 6 FCPATH\index.php(67): CodeIgniter\CodeIgniter->run()
WARNING - 2023-06-20 03:10:02 --> [DEPRECATED] explode(): Passing null to parameter #2 ($string) of type string is deprecated in APPPATH\Controllers\Anime.php on line 120.
 1 APPPATH\Controllers\Anime.php(120): explode(', ', null)
 2 APPPATH\Controllers\Anime.php(80): App\Controllers\Anime->generateGenres([...])
 3 SYSTEMPATH\CodeIgniter.php(934): App\Controllers\Anime->getAllGenres()
 4 SYSTEMPATH\CodeIgniter.php(499): CodeIgniter\CodeIgniter->runController(Object(App\Controllers\Anime))
 5 SYSTEMPATH\CodeIgniter.php(368): CodeIgniter\CodeIgniter->handleRequest(null, Object(Config\Cache), false)
 6 FCPATH\index.php(67): CodeIgniter\CodeIgniter->run()
WARNING - 2023-06-20 03:10:19 --> [DEPRECATED] explode(): Passing null to parameter #2 ($string) of type string is deprecated in APPPATH\Controllers\Anime.php on line 120.
 1 APPPATH\Controllers\Anime.php(120): explode(', ', null)
 2 APPPATH\Controllers\Anime.php(80): App\Controllers\Anime->generateGenres([...])
 3 SYSTEMPATH\CodeIgniter.php(934): App\Controllers\Anime->getAllGenres()
 4 SYSTEMPATH\CodeIgniter.php(499): CodeIgniter\CodeIgniter->runController(Object(App\Controllers\Anime))
 5 SYSTEMPATH\CodeIgniter.php(368): CodeIgniter\CodeIgniter->handleRequest(null, Object(Config\Cache), false)
 6 FCPATH\index.php(67): CodeIgniter\CodeIgniter->run()
WARNING - 2023-06-20 03:10:27 --> [DEPRECATED] explode(): Passing null to parameter #2 ($string) of type string is deprecated in APPPATH\Controllers\Anime.php on line 120.
 1 APPPATH\Controllers\Anime.php(120): explode(', ', null)
 2 APPPATH\Controllers\Anime.php(80): App\Controllers\Anime->generateGenres([...])
 3 SYSTEMPATH\CodeIgniter.php(934): App\Controllers\Anime->getAllGenres()
 4 SYSTEMPATH\CodeIgniter.php(499): CodeIgniter\CodeIgniter->runController(Object(App\Controllers\Anime))
 5 SYSTEMPATH\CodeIgniter.php(368): CodeIgniter\CodeIgniter->handleRequest(null, Object(Config\Cache), false)
 6 FCPATH\index.php(67): CodeIgniter\CodeIgniter->run()
WARNING - 2023-06-20 03:10:30 --> [DEPRECATED] explode(): Passing null to parameter #2 ($string) of type string is deprecated in APPPATH\Controllers\Anime.php on line 120.
 1 APPPATH\Controllers\Anime.php(120): explode(', ', null)
 2 APPPATH\Controllers\Anime.php(80): App\Controllers\Anime->generateGenres([...])
 3 SYSTEMPATH\CodeIgniter.php(934): App\Controllers\Anime->getAllGenres()
 4 SYSTEMPATH\CodeIgniter.php(499): CodeIgniter\CodeIgniter->runController(Object(App\Controllers\Anime))
 5 SYSTEMPATH\CodeIgniter.php(368): CodeIgniter\CodeIgniter->handleRequest(null, Object(Config\Cache), false)
 6 FCPATH\index.php(67): CodeIgniter\CodeIgniter->run()
WARNING - 2023-06-20 03:10:32 --> [DEPRECATED] explode(): Passing null to parameter #2 ($string) of type string is deprecated in APPPATH\Controllers\Anime.php on line 120.
 1 APPPATH\Controllers\Anime.php(120): explode(', ', null)
 2 APPPATH\Controllers\Anime.php(80): App\Controllers\Anime->generateGenres([...])
 3 SYSTEMPATH\CodeIgniter.php(934): App\Controllers\Anime->getAllGenres()
 4 SYSTEMPATH\CodeIgniter.php(499): CodeIgniter\CodeIgniter->runController(Object(App\Controllers\Anime))
 5 SYSTEMPATH\CodeIgniter.php(368): CodeIgniter\CodeIgniter->handleRequest(null, Object(Config\Cache), false)
 6 FCPATH\index.php(67): CodeIgniter\CodeIgniter->run()
WARNING - 2023-06-20 03:10:36 --> [DEPRECATED] explode(): Passing null to parameter #2 ($string) of type string is deprecated in APPPATH\Controllers\Anime.php on line 120.
 1 APPPATH\Controllers\Anime.php(120): explode(', ', null)
 2 APPPATH\Controllers\Anime.php(80): App\Controllers\Anime->generateGenres([...])
 3 SYSTEMPATH\CodeIgniter.php(934): App\Controllers\Anime->getAllGenres()
 4 SYSTEMPATH\CodeIgniter.php(499): CodeIgniter\CodeIgniter->runController(Object(App\Controllers\Anime))
 5 SYSTEMPATH\CodeIgniter.php(368): CodeIgniter\CodeIgniter->handleRequest(null, Object(Config\Cache), false)
 6 FCPATH\index.php(67): CodeIgniter\CodeIgniter->run()
WARNING - 2023-06-20 03:10:46 --> [DEPRECATED] explode(): Passing null to parameter #2 ($string) of type string is deprecated in APPPATH\Controllers\Anime.php on line 120.
 1 APPPATH\Controllers\Anime.php(120): explode(', ', null)
 2 APPPATH\Controllers\Anime.php(80): App\Controllers\Anime->generateGenres([...])
 3 SYSTEMPATH\CodeIgniter.php(934): App\Controllers\Anime->getAllGenres()
 4 SYSTEMPATH\CodeIgniter.php(499): CodeIgniter\CodeIgniter->runController(Object(App\Controllers\Anime))
 5 SYSTEMPATH\CodeIgniter.php(368): CodeIgniter\CodeIgniter->handleRequest(null, Object(Config\Cache), false)
 6 FCPATH\index.php(67): CodeIgniter\CodeIgniter->run()
WARNING - 2023-06-20 03:11:12 --> [DEPRECATED] explode(): Passing null to parameter #2 ($string) of type string is deprecated in APPPATH\Controllers\Anime.php on line 120.
 1 APPPATH\Controllers\Anime.php(120): explode(', ', null)
 2 APPPATH\Controllers\Anime.php(80): App\Controllers\Anime->generateGenres([...])
 3 SYSTEMPATH\CodeIgniter.php(934): App\Controllers\Anime->getAllGenres()
 4 SYSTEMPATH\CodeIgniter.php(499): CodeIgniter\CodeIgniter->runController(Object(App\Controllers\Anime))
 5 SYSTEMPATH\CodeIgniter.php(368): CodeIgniter\CodeIgniter->handleRequest(null, Object(Config\Cache), false)
 6 FCPATH\index.php(67): CodeIgniter\CodeIgniter->run()
WARNING - 2023-06-20 17:29:31 --> [DEPRECATED] explode(): Passing null to parameter #2 ($string) of type string is deprecated in APPPATH\Controllers\Anime.php on line 120.
 1 APPPATH\Controllers\Anime.php(120): explode(', ', null)
 2 APPPATH\Controllers\Anime.php(80): App\Controllers\Anime->generateGenres([...])
 3 SYSTEMPATH\CodeIgniter.php(934): App\Controllers\Anime->getAllGenres()
 4 SYSTEMPATH\CodeIgniter.php(499): CodeIgniter\CodeIgniter->runController(Object(App\Controllers\Anime))
 5 SYSTEMPATH\CodeIgniter.php(368): CodeIgniter\CodeIgniter->handleRequest(null, Object(Config\Cache), false)
 6 FCPATH\index.php(67): CodeIgniter\CodeIgniter->run()
CRITICAL - 2023-06-20 17:33:54 --> Undefined array key "Genre"
in APPPATH\Controllers\Anime.php on line 114.
 1 APPPATH\Controllers\Anime.php(114): CodeIgniter\Debug\Exceptions->errorHandler(2, 'Undefined array key "Genre"', 'C:\\xampp\\htdocs\\ci4-anime-api\\app\\Controllers\\Anime.php', 114)
 2 APPPATH\Controllers\Anime.php(80): App\Controllers\Anime->generateGenres([...])
 3 SYSTEMPATH\CodeIgniter.php(934): App\Controllers\Anime->getAllGenres()
 4 SYSTEMPATH\CodeIgniter.php(499): CodeIgniter\CodeIgniter->runController(Object(App\Controllers\Anime))
 5 SYSTEMPATH\CodeIgniter.php(368): CodeIgniter\CodeIgniter->handleRequest(null, Object(Config\Cache), false)
 6 FCPATH\index.php(67): CodeIgniter\CodeIgniter->run()
CRITICAL - 2023-06-20 17:34:02 --> Undefined array key "Genre"
in APPPATH\Controllers\Anime.php on line 114.
 1 APPPATH\Controllers\Anime.php(114): CodeIgniter\Debug\Exceptions->errorHandler(2, 'Undefined array key "Genre"', 'C:\\xampp\\htdocs\\ci4-anime-api\\app\\Controllers\\Anime.php', 114)
 2 APPPATH\Controllers\Anime.php(80): App\Controllers\Anime->generateGenres([...])
 3 SYSTEMPATH\CodeIgniter.php(934): App\Controllers\Anime->getAllGenres()
 4 SYSTEMPATH\CodeIgniter.php(499): CodeIgniter\CodeIgniter->runController(Object(App\Controllers\Anime))
 5 SYSTEMPATH\CodeIgniter.php(368): CodeIgniter\CodeIgniter->handleRequest(null, Object(Config\Cache), false)
 6 FCPATH\index.php(67): CodeIgniter\CodeIgniter->run()
WARNING - 2023-06-20 17:34:36 --> [DEPRECATED] explode(): Passing null to parameter #2 ($string) of type string is deprecated in APPPATH\Controllers\Anime.php on line 120.
 1 APPPATH\Controllers\Anime.php(120): explode(', ', null)
 2 APPPATH\Controllers\Anime.php(80): App\Controllers\Anime->generateGenres([...])
 3 SYSTEMPATH\CodeIgniter.php(934): App\Controllers\Anime->getAllGenres()
 4 SYSTEMPATH\CodeIgniter.php(499): CodeIgniter\CodeIgniter->runController(Object(App\Controllers\Anime))
 5 SYSTEMPATH\CodeIgniter.php(368): CodeIgniter\CodeIgniter->handleRequest(null, Object(Config\Cache), false)
 6 FCPATH\index.php(67): CodeIgniter\CodeIgniter->run()
WARNING - 2023-06-20 17:34:36 --> [DEPRECATED] explode(): Passing null to parameter #2 ($string) of type string is deprecated in APPPATH\Controllers\Anime.php on line 120.
 1 APPPATH\Controllers\Anime.php(120): explode(', ', null)
 2 APPPATH\Controllers\Anime.php(80): App\Controllers\Anime->generateGenres([...])
 3 SYSTEMPATH\CodeIgniter.php(934): App\Controllers\Anime->getAllGenres()
 4 SYSTEMPATH\CodeIgniter.php(499): CodeIgniter\CodeIgniter->runController(Object(App\Controllers\Anime))
 5 SYSTEMPATH\CodeIgniter.php(368): CodeIgniter\CodeIgniter->handleRequest(null, Object(Config\Cache), false)
 6 FCPATH\index.php(67): CodeIgniter\CodeIgniter->run()
WARNING - 2023-06-20 17:35:08 --> [DEPRECATED] explode(): Passing null to parameter #2 ($string) of type string is deprecated in APPPATH\Controllers\Anime.php on line 120.
 1 APPPATH\Controllers\Anime.php(120): explode(', ', null)
 2 APPPATH\Controllers\Anime.php(80): App\Controllers\Anime->generateGenres([...])
 3 SYSTEMPATH\CodeIgniter.php(934): App\Controllers\Anime->getAllGenres()
 4 SYSTEMPATH\CodeIgniter.php(499): CodeIgniter\CodeIgniter->runController(Object(App\Controllers\Anime))
 5 SYSTEMPATH\CodeIgniter.php(368): CodeIgniter\CodeIgniter->handleRequest(null, Object(Config\Cache), false)
 6 FCPATH\index.php(67): CodeIgniter\CodeIgniter->run()
WARNING - 2023-06-20 17:35:08 --> [DEPRECATED] explode(): Passing null to parameter #2 ($string) of type string is deprecated in APPPATH\Controllers\Anime.php on line 120.
 1 APPPATH\Controllers\Anime.php(120): explode(', ', null)
 2 APPPATH\Controllers\Anime.php(80): App\Controllers\Anime->generateGenres([...])
 3 SYSTEMPATH\CodeIgniter.php(934): App\Controllers\Anime->getAllGenres()
 4 SYSTEMPATH\CodeIgniter.php(499): CodeIgniter\CodeIgniter->runController(Object(App\Controllers\Anime))
 5 SYSTEMPATH\CodeIgniter.php(368): CodeIgniter\CodeIgniter->handleRequest(null, Object(Config\Cache), false)
 6 FCPATH\index.php(67): CodeIgniter\CodeIgniter->run()
CRITICAL - 2023-06-20 17:56:21 --> array_key_exists(): Argument #1 ($key) must be a valid array offset type
in APPPATH\Controllers\Anime.php on line 113.
 1 APPPATH\Controllers\Anime.php(113): array_key_exists([...], [...])
 2 APPPATH\Controllers\Anime.php(80): App\Controllers\Anime->generateStudios([...])
 3 SYSTEMPATH\CodeIgniter.php(934): App\Controllers\Anime->getAllStudios()
 4 SYSTEMPATH\CodeIgniter.php(499): CodeIgniter\CodeIgniter->runController(Object(App\Controllers\Anime))
 5 SYSTEMPATH\CodeIgniter.php(368): CodeIgniter\CodeIgniter->handleRequest(null, Object(Config\Cache), false)
 6 FCPATH\index.php(67): CodeIgniter\CodeIgniter->run()
CRITICAL - 2023-06-20 17:56:35 --> Undefined array key "studio"
in APPPATH\Controllers\Anime.php on line 113.
 1 APPPATH\Controllers\Anime.php(113): CodeIgniter\Debug\Exceptions->errorHandler(2, 'Undefined array key "studio"', 'C:\\xampp\\htdocs\\ci4-anime-api\\app\\Controllers\\Anime.php', 113)
 2 APPPATH\Controllers\Anime.php(80): App\Controllers\Anime->generateStudios([...])
 3 SYSTEMPATH\CodeIgniter.php(934): App\Controllers\Anime->getAllStudios()
 4 SYSTEMPATH\CodeIgniter.php(499): CodeIgniter\CodeIgniter->runController(Object(App\Controllers\Anime))
 5 SYSTEMPATH\CodeIgniter.php(368): CodeIgniter\CodeIgniter->handleRequest(null, Object(Config\Cache), false)
 6 FCPATH\index.php(67): CodeIgniter\CodeIgniter->run()
