CRITICAL - 2023-06-19 00:26:45 --> json_decode(): Argument #1 ($json) must be of type string, array given
in APPPATH\Controllers\Anime.php on line 46.
 1 APPPATH\Controllers\Anime.php(46): json_decode([...])
 2 SYSTEMPATH\CodeIgniter.php(934): App\Controllers\Anime->getAllAnimes()
 3 SYSTEMPATH\CodeIgniter.php(499): CodeIgniter\CodeIgniter->runController(Object(App\Controllers\Anime))
 4 SYSTEMPATH\CodeIgniter.php(368): CodeIgniter\CodeIgniter->handleRequest(null, Object(Config\Cache), false)
 5 FCPATH\index.php(67): CodeIgniter\CodeIgniter->run()
CRITICAL - 2023-06-19 21:28:53 --> syntax error, unexpected token "/"
in APPPATH\Controllers\Anime.php on line 70.
 1 SYSTEMPATH\Autoloader\Autoloader.php(289): CodeIgniter\Autoloader\Autoloader->includeFile('C:\\xampp\\htdocs\\ci4-anime-api\\app\\Controllers\\Anime.php')
 2 SYSTEMPATH\Autoloader\Autoloader.php(267): CodeIgniter\Autoloader\Autoloader->loadInNamespace('App\\Controllers\\Anime')
 3 [internal function]: CodeIgniter\Autoloader\Autoloader->loadClass('App\\Controllers\\Anime')
 4 SYSTEMPATH\CodeIgniter.php(892): class_exists('\\App\\Controllers\\Anime', true)
 5 SYSTEMPATH\CodeIgniter.php(486): CodeIgniter\CodeIgniter->startController()
 6 SYSTEMPATH\CodeIgniter.php(368): CodeIgniter\CodeIgniter->handleRequest(null, Object(Config\Cache), false)
 7 FCPATH\index.php(67): CodeIgniter\CodeIgniter->run()
INFO - 2023-06-19 21:29:16 --> Session: Class initialized using 'CodeIgniter\Session\Handlers\FileHandler' driver.
CRITICAL - 2023-06-19 21:29:16 --> A non-numeric value encountered
in APPPATH\Controllers\Anime.php on line 52.
 1 APPPATH\Controllers\Anime.php(52): CodeIgniter\Debug\Exceptions->errorHandler(2, 'A non-numeric value encountered', 'C:\\xampp\\htdocs\\ci4-anime-api\\app\\Controllers\\Anime.php', 52)
 2 SYSTEMPATH\CodeIgniter.php(934): App\Controllers\Anime->getAllAnimes()
 3 SYSTEMPATH\CodeIgniter.php(499): CodeIgniter\CodeIgniter->runController(Object(App\Controllers\Anime))
 4 SYSTEMPATH\CodeIgniter.php(368): CodeIgniter\CodeIgniter->handleRequest(null, Object(Config\Cache), false)
 5 FCPATH\index.php(67): CodeIgniter\CodeIgniter->run()
INFO - 2023-06-19 21:30:13 --> Session: Class initialized using 'CodeIgniter\Session\Handlers\FileHandler' driver.
CRITICAL - 2023-06-19 21:30:13 --> A non-numeric value encountered
in APPPATH\Controllers\Anime.php on line 52.
 1 APPPATH\Controllers\Anime.php(52): CodeIgniter\Debug\Exceptions->errorHandler(2, 'A non-numeric value encountered', 'C:\\xampp\\htdocs\\ci4-anime-api\\app\\Controllers\\Anime.php', 52)
 2 SYSTEMPATH\CodeIgniter.php(934): App\Controllers\Anime->getAllAnimes()
 3 SYSTEMPATH\CodeIgniter.php(499): CodeIgniter\CodeIgniter->runController(Object(App\Controllers\Anime))
 4 SYSTEMPATH\CodeIgniter.php(368): CodeIgniter\CodeIgniter->handleRequest(null, Object(Config\Cache), false)
 5 FCPATH\index.php(67): CodeIgniter\CodeIgniter->run()
INFO - 2023-06-19 21:31:06 --> Session: Class initialized using 'CodeIgniter\Session\Handlers\FileHandler' driver.
CRITICAL - 2023-06-19 21:31:06 --> A non-numeric value encountered
in APPPATH\Controllers\Anime.php on line 52.
 1 APPPATH\Controllers\Anime.php(52): CodeIgniter\Debug\Exceptions->errorHandler(2, 'A non-numeric value encountered', 'C:\\xampp\\htdocs\\ci4-anime-api\\app\\Controllers\\Anime.php', 52)
 2 SYSTEMPATH\CodeIgniter.php(934): App\Controllers\Anime->getAllAnimes()
 3 SYSTEMPATH\CodeIgniter.php(499): CodeIgniter\CodeIgniter->runController(Object(App\Controllers\Anime))
 4 SYSTEMPATH\CodeIgniter.php(368): CodeIgniter\CodeIgniter->handleRequest(null, Object(Config\Cache), false)
 5 FCPATH\index.php(67): CodeIgniter\CodeIgniter->run()
INFO - 2023-06-19 21:31:08 --> Session: Class initialized using 'CodeIgniter\Session\Handlers\FileHandler' driver.
CRITICAL - 2023-06-19 21:31:08 --> A non-numeric value encountered
in APPPATH\Controllers\Anime.php on line 52.
 1 APPPATH\Controllers\Anime.php(52): CodeIgniter\Debug\Exceptions->errorHandler(2, 'A non-numeric value encountered', 'C:\\xampp\\htdocs\\ci4-anime-api\\app\\Controllers\\Anime.php', 52)
 2 SYSTEMPATH\CodeIgniter.php(934): App\Controllers\Anime->getAllAnimes()
 3 SYSTEMPATH\CodeIgniter.php(499): CodeIgniter\CodeIgniter->runController(Object(App\Controllers\Anime))
 4 SYSTEMPATH\CodeIgniter.php(368): CodeIgniter\CodeIgniter->handleRequest(null, Object(Config\Cache), false)
 5 FCPATH\index.php(67): CodeIgniter\CodeIgniter->run()
CRITICAL - 2023-06-19 22:15:35 --> Undefined variable $anime
in APPPATH\Controllers\Anime.php on line 17.
 1 APPPATH\Controllers\Anime.php(17): CodeIgniter\Debug\Exceptions->errorHandler(2, 'Undefined variable $anime', 'C:\\xampp\\htdocs\\ci4-anime-api\\app\\Controllers\\Anime.php', 17)
 2 SYSTEMPATH\CodeIgniter.php(934): App\Controllers\Anime->getAnime('2')
 3 SYSTEMPATH\CodeIgniter.php(499): CodeIgniter\CodeIgniter->runController(Object(App\Controllers\Anime))
 4 SYSTEMPATH\CodeIgniter.php(368): CodeIgniter\CodeIgniter->handleRequest(null, Object(Config\Cache), false)
 5 FCPATH\index.php(67): CodeIgniter\CodeIgniter->run()
CRITICAL - 2023-06-19 22:17:20 --> Undefined variable $anime
in APPPATH\Controllers\Anime.php on line 26.
 1 APPPATH\Controllers\Anime.php(26): CodeIgniter\Debug\Exceptions->errorHandler(2, 'Undefined variable $anime', 'C:\\xampp\\htdocs\\ci4-anime-api\\app\\Controllers\\Anime.php', 26)
 2 SYSTEMPATH\CodeIgniter.php(934): App\Controllers\Anime->getAnime('1')
 3 SYSTEMPATH\CodeIgniter.php(499): CodeIgniter\CodeIgniter->runController(Object(App\Controllers\Anime))
 4 SYSTEMPATH\CodeIgniter.php(368): CodeIgniter\CodeIgniter->handleRequest(null, Object(Config\Cache), false)
 5 FCPATH\index.php(67): CodeIgniter\CodeIgniter->run()
CRITICAL - 2023-06-19 22:24:13 --> Undefined property: App\Controllers\Anime::$animeModeL
in APPPATH\Controllers\Anime.php on line 15.
 1 APPPATH\Controllers\Anime.php(15): CodeIgniter\Debug\Exceptions->errorHandler(2, 'Undefined property: App\\Controllers\\Anime::$animeModeL', 'C:\\xampp\\htdocs\\ci4-anime-api\\app\\Controllers\\Anime.php', 15)
 2 SYSTEMPATH\CodeIgniter.php(934): App\Controllers\Anime->getAnime('1')
 3 SYSTEMPATH\CodeIgniter.php(499): CodeIgniter\CodeIgniter->runController(Object(App\Controllers\Anime))
 4 SYSTEMPATH\CodeIgniter.php(368): CodeIgniter\CodeIgniter->handleRequest(null, Object(Config\Cache), false)
 5 FCPATH\index.php(67): CodeIgniter\CodeIgniter->run()
CRITICAL - 2023-06-19 23:02:52 --> Undefined variable $builder
in APPPATH\Controllers\Anime.php on line 78.
 1 APPPATH\Controllers\Anime.php(78): CodeIgniter\Debug\Exceptions->errorHandler(2, 'Undefined variable $builder', 'C:\\xampp\\htdocs\\ci4-anime-api\\app\\Controllers\\Anime.php', 78)
 2 SYSTEMPATH\CodeIgniter.php(934): App\Controllers\Anime->getAllGenres()
 3 SYSTEMPATH\CodeIgniter.php(499): CodeIgniter\CodeIgniter->runController(Object(App\Controllers\Anime))
 4 SYSTEMPATH\CodeIgniter.php(368): CodeIgniter\CodeIgniter->handleRequest(null, Object(Config\Cache), false)
 5 FCPATH\index.php(67): CodeIgniter\CodeIgniter->run()
CRITICAL - 2023-06-19 23:03:04 --> Call to undefined method CodeIgniter\Database\MySQLi\Result::getResults()
in APPPATH\Controllers\Anime.php on line 79.
 1 SYSTEMPATH\CodeIgniter.php(934): App\Controllers\Anime->getAllGenres()
 2 SYSTEMPATH\CodeIgniter.php(499): CodeIgniter\CodeIgniter->runController(Object(App\Controllers\Anime))
 3 SYSTEMPATH\CodeIgniter.php(368): CodeIgniter\CodeIgniter->handleRequest(null, Object(Config\Cache), false)
 4 FCPATH\index.php(67): CodeIgniter\CodeIgniter->run()
CRITICAL - 2023-06-19 23:04:57 --> Object of class stdClass could not be converted to string
in APPPATH\Controllers\Anime.php on line 80.
 1 APPPATH\Controllers\Anime.php(80): array_unique([...])
 2 SYSTEMPATH\CodeIgniter.php(934): App\Controllers\Anime->getAllGenres()
 3 SYSTEMPATH\CodeIgniter.php(499): CodeIgniter\CodeIgniter->runController(Object(App\Controllers\Anime))
 4 SYSTEMPATH\CodeIgniter.php(368): CodeIgniter\CodeIgniter->handleRequest(null, Object(Config\Cache), false)
 5 FCPATH\index.php(67): CodeIgniter\CodeIgniter->run()
CRITICAL - 2023-06-19 23:07:21 --> syntax error, unexpected token ";", expecting ")"
in APPPATH\Controllers\Anime.php on line 80.
 1 SYSTEMPATH\Autoloader\Autoloader.php(289): CodeIgniter\Autoloader\Autoloader->includeFile('C:\\xampp\\htdocs\\ci4-anime-api\\app\\Controllers\\Anime.php')
 2 SYSTEMPATH\Autoloader\Autoloader.php(267): CodeIgniter\Autoloader\Autoloader->loadInNamespace('App\\Controllers\\Anime')
 3 [internal function]: CodeIgniter\Autoloader\Autoloader->loadClass('App\\Controllers\\Anime')
 4 SYSTEMPATH\CodeIgniter.php(892): class_exists('\\App\\Controllers\\Anime', true)
 5 SYSTEMPATH\CodeIgniter.php(486): CodeIgniter\CodeIgniter->startController()
 6 SYSTEMPATH\CodeIgniter.php(368): CodeIgniter\CodeIgniter->handleRequest(null, Object(Config\Cache), false)
 7 FCPATH\index.php(67): CodeIgniter\CodeIgniter->run()
CRITICAL - 2023-06-19 23:07:37 --> array_unique(): Argument #1 ($array) must be of type array, string given
in APPPATH\Controllers\Anime.php on line 80.
 1 APPPATH\Controllers\Anime.php(80): array_unique('[{"Genre":"Action, Drama, Suspense"},{"Genre":"Action, Adventure, Drama, Fantasy"},{"Genre":"Action, Adventure, Fantasy"},{"Genre":"Drama, Sci-Fi, Suspense"},{"Genre":"Action, Comedy, Sci-Fi"},{"Genre":"Comedy, Romance"},{"Genre":"Action, Drama"},{"Genre":"Action, Comedy, Drama, Sci-Fi"},{"Genre":"Action, Comedy, Sci-Fi"},{"Genre":"Action, Adventure, Fantasy"},{"Genre":"Drama, Sci-Fi"},{"Genre":"Action, Comedy, Sci-Fi"},{"Genre":"Drama, Romance, Supernatural"},{"Genre":"Action, Comedy, Sci-Fi"},{"Genre":"Comedy, Drama, Romance"},{"Genre":"Drama, Slice of Life"},{"Genre":"Drama, Romance, Supernatural"},{"Genre":"Action, Comedy, Sci-Fi"},{"Genre":"Award Winning, Drama"},{"Genre":"Action, Comedy, Sci-Fi"},{"Genre":"Comedy"},{"Genre":"Action, Award Winning, Drama, Sci-Fi"},{"Genre":"Award Winning, Drama, Fantasy"},{"Genre":"Comedy, Mystery, Supernatural"},{"Genre":"Action, Comedy, Sci-Fi"},{"Genre":"Drama, Mystery, Suspense"},{"Genre":"Award Winning, Drama, Supernatural"},{"Genre":"Action, Comedy, Sci-Fi"},{"Genre":"Action, Fantasy"},{"Genre":"Action"},{"Genre":"Action, Comedy, Supernatural"},{"Genre":"Action, Drama"},{"Genre":"Action, Mystery, Supernatural"},{"Genre":"Adventure, Award Winning, Supernatural"},{"Genre":"Sports"},{"Genre":"Comedy, Mystery, Romance, Supernatural"},{"Genre":"Action, Drama"},{"Genre":"Drama, Supernatural"},{"Genre":"Action, Award Winning, Sci-Fi"},{"Genre":"Sports"},{"Genre":"Action"},{"Genre":"Action, Comedy, Supernatural"},{"Genre":"Adventure, Fantasy, Mystery, Slice of Life, Supernatural"},{"Genre":"Drama"},{"Genre":"Action, Adventure, Drama"},{"Genre":"Action, Adventure, Drama"},{"Genre":"Drama, Fantasy, Ecchi"},{"Genre":"Action, Drama, Romance"},{"Genre":"Action, Drama, Sci-Fi"},{"Genre":"Drama,\\u00a0Sports"},{"Genre":"Action, Award Winning, Drama, Sci-Fi"},{"Genre":"Adventure, Fantasy, Mystery, Slice of Life, Supernatural"},{"Genre":"Award Winning, Mystery"},{"Genre":"Action, Fantasy, Supernatural"},{"Genre":"Comedy, Drama"},{"Genre":"Action, Adventure, Supernatural"},{"Genre":"Adventure, Drama, Fantasy, Mystery, Sci-Fi"},{"Genre":"Action, Adventure, Fantasy"},{"Genre":"Action, Adventure, Award Winning, Fantasy"},{"Genre":"Drama, Fantasy"},{"Genre":"Adventure, Drama, Fantasy, Mystery, Sci-Fi"},{"Genre":"Adventure, Fantasy, Mystery, Slice of Life, Supernatural"},{"Genre":"Action, Award Winning, Comedy"},{"Genre":"Sports"},{"Genre":"Adventure, Award Winning, Drama, Fantasy, Romance"},{"Genre":"Action, Award Winning, Fantasy"},{"Genre":"Drama, Slice of Life, Supernatural"},{"Genre":"Drama, Romance"},{"Genre":"Action, Mystery, Supernatural"},{"Genre":"Sports"},{"Genre":"Comedy"},{"Genre":"Action, Fantasy"},{"Genre":"Action, Fantasy"},{"Genre":"Adventure, Drama, Fantasy, Mystery, Sci-Fi"},{"Genre":"Fantasy"},{"Genre":"Action, Adventure, Award Winning, Sci-Fi"},{"Genre":"Action, Adventure, Drama, Fantasy, Mystery"},{"Genre":"Drama, Slice of Life, Supernatural"},{"Genre":"Award Winning, Drama, Sports"},{"Genre":"Action, Drama"},{"Genre":"Action, Sci-Fi"},{"Genre":"Supernatural, Suspense"},{"Genre":"Action, Award Winning, Drama, Sci-Fi, Suspense"},{"Genre":"Drama, Romance, Supernatural"},{"Genre":"Award Winning, Mystery, Sci-Fi, Supernatural"},{"Genre":"Adventure, Fantasy, Mystery, Slice of Life, Supernatural"},{"Genre":"Sports"},{"Genre":"Action, Adventure, Supernatural"},{"Genre":"Action, Mystery, Supernatural"},{"Genre":"Drama, Slice of Life, Supernatural"},{"Genre":"Award Winning, Fantasy, Slice of Life"},{"Genre":"Drama, Slice of Life, Supernatural"},{"Genre":"Drama"},{"Genre":"Action, Sci-Fi"},{"Genre":"Award Winning, Comedy, Mystery, Romance"},{"Genre":"Adventure, Fantasy"},{"Genre":"Drama, Romance, Supernatural"},{"Genre":"Romance, Comedy, Drama"},{"Genre":"Action, Adventure, Drama, Fantasy, Horror"},{"Genre":"Drama, Romance"},{"Genre":"Action, Fantasy, Supernatural"},{"Genre":"Sports"},{"Genre":"Drama, Slice of Life, Supernatural"},{"Genre":"Avant Garde, Drama, Sci-Fi"},{"Genre":"Adventure, Fantasy, Mystery, Slice of Life, Supernatural"},{"Genre":"Sports"},{"Genre":"Comedy, Drama, Romance"},{"Genre":"Action, Drama, Mystery, Romance, Supernatural, Suspense"},{"Genre":"Drama, Romance"},{"Genre":"Avant Garde, Drama, Horror"},{"Genre":"Action, Award Winning, Drama, Suspense"},{"Genre":"Action, Drama, Music, Psychological"},{"Genre":"Adventure, Comedy, Drama"},{"Genre":"Drama, Sci-Fi, Suspense"},{"Genre":"Slice of Life"},{"Genre":"Mystery, Sci-Fi, Suspense"},{"Genre":"Action, Comedy, Sci-Fi"},{"Genre":"Action, Comedy, Sci-Fi"},{"Genre":"Action, Mystery, Sci-Fi"},{"Genre":"Action, Fantasy"},{"Genre":"Mystery, Supernatural, Suspense"},{"Genre":"Action, Adventure, Comedy"},{"Genre":"Action, Fantasy, Supernatural"},{"Genre":"Drama"},{"Genre":"Action, Award Winning, Fantasy"},{"Genre":"Action, Comedy"},{"Genre":"Action, Adventure, Supernatural"},{"Genre":"Comedy, Sci-Fi"},{"Genre":"Action, Comedy"},{"Genre":"Action, Drama, Suspense"},{"Genre":"Action, Comedy, Supernatural"},{"Genre":"Fantasy, Sci-Fi, Slice of Life"},{"Genre":"Action, Adventure, Drama, Suspense"},{"Genre":"Action, Fantasy"},{"Genre":"Drama,\\u00a0Suspense"},{"Genre":"Slice of Life"},{"Genre":"Drama, Sports"},{"Genre":"Action, Comedy"},{"Genre":"Award Winning, Drama, Mystery, Suspense"},{"Genre":"Adventure, Comedy, Fantasy"},{"Genre":"Comedy"},{"Genre":"Drama, Romance"},{"Genre":"Action, Adventure"},{"Genre":"Action, Comedy, Supernatural"},{"Genre":"Comedy, Mystery, Supernatural"},{"Genre":"Action, Adventure, Drama, Fantasy, Mystery"},{"Genre":"Comedy, Mystery, Supernatural"},{"Genre":"Drama, Fantasy, Suspense"},{"Genre":"Drama, Sci-Fi"},{"Genre":"Adventure, Fantasy, Mystery, Slice of Life, Supernatural"},{"Genre":"Comedy, Romance"},{"Genre":"Sports"},{"Genre":"Drama, Supernatural"},{"Genre":"Sports"},{"Genre":"Action, Adventure, Drama, Supernatural"},{"Genre":"Comedy"},{"Genre":"Action, Comedy, Sci-Fi"},{"Genre":"Comedy"},{"Genre":"Drama, Romance"},{"Genre":"Action, Adventure, Drama, Fantasy, Mystery"},{"Genre":"Fantasy, Horror, Mystery, Supernatural"},{"Genre":"Comedy, Supernatural"},{"Genre":"Action, Award Winning, Sci-Fi"},{"Genre":"Comedy, Supernatural"},{"Genre":"Drama, Romance"},{"Genre":"Action, Sci-Fi, Suspense"},{"Genre":"Drama, Fantasy"},{"Genre":"Action, Adventure, Comedy, Drama, Mystery"},{"Genre":"Sports"},{"Genre":"Drama, Slice of Life, Supernatural"},{"Genre":"Action"},{"Genre":"Action, Adventure, Fantasy"},{"Genre":"Comedy"},{"Genre":"Comedy"},{"Genre":"Action, Drama, Fantasy, Mystery"},{"Genre":"Action, Mystery, Romance, Supernatural, Suspense"},{"Genre":"Drama, Slice of Life, Supernatural"},{"Genre":"Drama, Fantasy"},{"Genre":"Action, Adventure, Comedy, Fantasy"},{"Genre":"Action, Adventure, Drama, Supernatural"},{"Genre":"Drama, Slice of Life"},{"Genre":"Drama, Sports"},{"Genre":"Drama, Romance, Sports"},{"Genre":"Comedy, Fantasy, Romance"},{"Genre":"Drama, Sports"},{"Genre":"Slice of Life"},{"Genre":"Action, Sci-Fi"},{"Genre":"Action, Fantasy"},{"Genre":"Slice of Life"},{"Genre":"Action, Mystery, Supernatural"},{"Genre":"Adventure, Drama, Fantasy, Mystery, Sci-Fi"},{"Genre":"Drama, Suspense"},{"Genre":"Drama, Fantasy, Ecchi"},{"Genre":"Comedy, Romance"},{"Genre":"Action, Comedy, Mystery, Supernatural"},{"Genre":"Adventure, Drama, Supernatural"},{"Genre":"Sports"},{"Genre":"Action, Comedy, Fantasy"},{"Genre":"Adventure, Award Winning, Fantasy"},{"Genre":"Award Winning, Drama, Suspense"},{"Genre":"Slice of Life"},{"Genre":"Music"},{"Genre":"Comedy, Drama, Romance"},{"Genre":"Action, Comedy, Sci-Fi"},{"Genre":"Action, Horror, Supernatural"},{"Genre":"Award Winning, Comedy"},{"Genre":"Drama, Fantasy, Suspense"},{"Genre":"Action, Horror, Sci-Fi"},{"Genre":"Action, Avant Garde, Award Winning, Drama, Sci-Fi, Suspense"},{"Genre":"Action, Sci-Fi, Suspense"},{"Genre":"Action, Comedy"},{"Genre":"Action"},{"Genre":"Mystery, Romance, Supernatural"},{"Genre":"Adventure, Comedy, Sci-Fi"},{"Genre":"Boys Love, Drama, Romance"},{"Genre":"Fantasy"},{"Genre":"Action, Sci-Fi"},{"Genre":"Action"},{"Genre":"Action, Drama, Sci-Fi"},{"Genre":"Drama, Romance"},{"Genre":"Drama, Fantasy"},{"Genre":"Sports"},{"Genre":"Drama, Slice of Life, Supernatural"},{"Genre":"Sports"},{"Genre":"Fantasy, Slice of Life"},{"Genre":"Drama, Slice of Life, Supernatural"},{"Genre":"Adventure, Fantasy, Romance"},{"Genre":"Adventure, Drama, Slice of Life"},{"Genre":"Action, Adventure, Comedy, Fantasy"},{"Genre":"Action, Fantasy, Supernatural"},{"Genre":"Action, Drama"},{"Genre":"Action, Adventure, Romance"},{"Genre":null},{"Genre":"Drama, Fantasy"},{"Genre":"Drama, Supernatural"},{"Genre":"Mystery, Supernatural, Suspense"},{"Genre":"Action, Drama, Sci-Fi"},{"Genre":"Action, Adventure, Fantasy"},{"Genre":"Drama"},{"Genre":"Drama, Slice of Life, Supernatural"},{"Genre":"Comedy, Drama, Romance"},{"Genre":"Drama, Romance"},{"Genre":"Sci-Fi"},{"Genre":"Sports"},{"Genre":"Award Winning, Drama, Fantasy, Romance"},{"Genre":"Sports"},{"Genre":"Adventure, Mystery"},{"Genre":"Sports"},{"Genre":"Drama"},{"Genre":"Drama, Sports"}]')
 2 SYSTEMPATH\CodeIgniter.php(934): App\Controllers\Anime->getAllGenres()
 3 SYSTEMPATH\CodeIgniter.php(499): CodeIgniter\CodeIgniter->runController(Object(App\Controllers\Anime))
 4 SYSTEMPATH\CodeIgniter.php(368): CodeIgniter\CodeIgniter->handleRequest(null, Object(Config\Cache), false)
 5 FCPATH\index.php(67): CodeIgniter\CodeIgniter->run()
CRITICAL - 2023-06-19 23:08:59 --> Object of class stdClass could not be converted to string
in APPPATH\Controllers\Anime.php on line 80.
 1 APPPATH\Controllers\Anime.php(80): array_unique([...])
 2 SYSTEMPATH\CodeIgniter.php(934): App\Controllers\Anime->getAllGenres()
 3 SYSTEMPATH\CodeIgniter.php(499): CodeIgniter\CodeIgniter->runController(Object(App\Controllers\Anime))
 4 SYSTEMPATH\CodeIgniter.php(368): CodeIgniter\CodeIgniter->handleRequest(null, Object(Config\Cache), false)
 5 FCPATH\index.php(67): CodeIgniter\CodeIgniter->run()
CRITICAL - 2023-06-19 23:14:37 --> array_unique(): Argument #1 ($array) must be of type array, string given
in APPPATH\Controllers\Anime.php on line 80.
 1 APPPATH\Controllers\Anime.php(80): array_unique('[{"Genre":"Action, Drama, Suspense"},{"Genre":"Action, Adventure, Drama, Fantasy"},{"Genre":"Action, Adventure, Fantasy"},{"Genre":"Drama, Sci-Fi, Suspense"},{"Genre":"Action, Comedy, Sci-Fi"},{"Genre":"Comedy, Romance"},{"Genre":"Action, Drama"},{"Genre":"Action, Comedy, Drama, Sci-Fi"},{"Genre":"Action, Comedy, Sci-Fi"},{"Genre":"Action, Adventure, Fantasy"},{"Genre":"Drama, Sci-Fi"},{"Genre":"Action, Comedy, Sci-Fi"},{"Genre":"Drama, Romance, Supernatural"},{"Genre":"Action, Comedy, Sci-Fi"},{"Genre":"Comedy, Drama, Romance"},{"Genre":"Drama, Slice of Life"},{"Genre":"Drama, Romance, Supernatural"},{"Genre":"Action, Comedy, Sci-Fi"},{"Genre":"Award Winning, Drama"},{"Genre":"Action, Comedy, Sci-Fi"},{"Genre":"Comedy"},{"Genre":"Action, Award Winning, Drama, Sci-Fi"},{"Genre":"Award Winning, Drama, Fantasy"},{"Genre":"Comedy, Mystery, Supernatural"},{"Genre":"Action, Comedy, Sci-Fi"},{"Genre":"Drama, Mystery, Suspense"},{"Genre":"Award Winning, Drama, Supernatural"},{"Genre":"Action, Comedy, Sci-Fi"},{"Genre":"Action, Fantasy"},{"Genre":"Action"},{"Genre":"Action, Comedy, Supernatural"},{"Genre":"Action, Drama"},{"Genre":"Action, Mystery, Supernatural"},{"Genre":"Adventure, Award Winning, Supernatural"},{"Genre":"Sports"},{"Genre":"Comedy, Mystery, Romance, Supernatural"},{"Genre":"Action, Drama"},{"Genre":"Drama, Supernatural"},{"Genre":"Action, Award Winning, Sci-Fi"},{"Genre":"Sports"},{"Genre":"Action"},{"Genre":"Action, Comedy, Supernatural"},{"Genre":"Adventure, Fantasy, Mystery, Slice of Life, Supernatural"},{"Genre":"Drama"},{"Genre":"Action, Adventure, Drama"},{"Genre":"Action, Adventure, Drama"},{"Genre":"Drama, Fantasy, Ecchi"},{"Genre":"Action, Drama, Romance"},{"Genre":"Action, Drama, Sci-Fi"},{"Genre":"Drama,\\u00a0Sports"},{"Genre":"Action, Award Winning, Drama, Sci-Fi"},{"Genre":"Adventure, Fantasy, Mystery, Slice of Life, Supernatural"},{"Genre":"Award Winning, Mystery"},{"Genre":"Action, Fantasy, Supernatural"},{"Genre":"Comedy, Drama"},{"Genre":"Action, Adventure, Supernatural"},{"Genre":"Adventure, Drama, Fantasy, Mystery, Sci-Fi"},{"Genre":"Action, Adventure, Fantasy"},{"Genre":"Action, Adventure, Award Winning, Fantasy"},{"Genre":"Drama, Fantasy"},{"Genre":"Adventure, Drama, Fantasy, Mystery, Sci-Fi"},{"Genre":"Adventure, Fantasy, Mystery, Slice of Life, Supernatural"},{"Genre":"Action, Award Winning, Comedy"},{"Genre":"Sports"},{"Genre":"Adventure, Award Winning, Drama, Fantasy, Romance"},{"Genre":"Action, Award Winning, Fantasy"},{"Genre":"Drama, Slice of Life, Supernatural"},{"Genre":"Drama, Romance"},{"Genre":"Action, Mystery, Supernatural"},{"Genre":"Sports"},{"Genre":"Comedy"},{"Genre":"Action, Fantasy"},{"Genre":"Action, Fantasy"},{"Genre":"Adventure, Drama, Fantasy, Mystery, Sci-Fi"},{"Genre":"Fantasy"},{"Genre":"Action, Adventure, Award Winning, Sci-Fi"},{"Genre":"Action, Adventure, Drama, Fantasy, Mystery"},{"Genre":"Drama, Slice of Life, Supernatural"},{"Genre":"Award Winning, Drama, Sports"},{"Genre":"Action, Drama"},{"Genre":"Action, Sci-Fi"},{"Genre":"Supernatural, Suspense"},{"Genre":"Action, Award Winning, Drama, Sci-Fi, Suspense"},{"Genre":"Drama, Romance, Supernatural"},{"Genre":"Award Winning, Mystery, Sci-Fi, Supernatural"},{"Genre":"Adventure, Fantasy, Mystery, Slice of Life, Supernatural"},{"Genre":"Sports"},{"Genre":"Action, Adventure, Supernatural"},{"Genre":"Action, Mystery, Supernatural"},{"Genre":"Drama, Slice of Life, Supernatural"},{"Genre":"Award Winning, Fantasy, Slice of Life"},{"Genre":"Drama, Slice of Life, Supernatural"},{"Genre":"Drama"},{"Genre":"Action, Sci-Fi"},{"Genre":"Award Winning, Comedy, Mystery, Romance"},{"Genre":"Adventure, Fantasy"},{"Genre":"Drama, Romance, Supernatural"},{"Genre":"Romance, Comedy, Drama"},{"Genre":"Action, Adventure, Drama, Fantasy, Horror"},{"Genre":"Drama, Romance"},{"Genre":"Action, Fantasy, Supernatural"},{"Genre":"Sports"},{"Genre":"Drama, Slice of Life, Supernatural"},{"Genre":"Avant Garde, Drama, Sci-Fi"},{"Genre":"Adventure, Fantasy, Mystery, Slice of Life, Supernatural"},{"Genre":"Sports"},{"Genre":"Comedy, Drama, Romance"},{"Genre":"Action, Drama, Mystery, Romance, Supernatural, Suspense"},{"Genre":"Drama, Romance"},{"Genre":"Avant Garde, Drama, Horror"},{"Genre":"Action, Award Winning, Drama, Suspense"},{"Genre":"Action, Drama, Music, Psychological"},{"Genre":"Adventure, Comedy, Drama"},{"Genre":"Drama, Sci-Fi, Suspense"},{"Genre":"Slice of Life"},{"Genre":"Mystery, Sci-Fi, Suspense"},{"Genre":"Action, Comedy, Sci-Fi"},{"Genre":"Action, Comedy, Sci-Fi"},{"Genre":"Action, Mystery, Sci-Fi"},{"Genre":"Action, Fantasy"},{"Genre":"Mystery, Supernatural, Suspense"},{"Genre":"Action, Adventure, Comedy"},{"Genre":"Action, Fantasy, Supernatural"},{"Genre":"Drama"},{"Genre":"Action, Award Winning, Fantasy"},{"Genre":"Action, Comedy"},{"Genre":"Action, Adventure, Supernatural"},{"Genre":"Comedy, Sci-Fi"},{"Genre":"Action, Comedy"},{"Genre":"Action, Drama, Suspense"},{"Genre":"Action, Comedy, Supernatural"},{"Genre":"Fantasy, Sci-Fi, Slice of Life"},{"Genre":"Action, Adventure, Drama, Suspense"},{"Genre":"Action, Fantasy"},{"Genre":"Drama,\\u00a0Suspense"},{"Genre":"Slice of Life"},{"Genre":"Drama, Sports"},{"Genre":"Action, Comedy"},{"Genre":"Award Winning, Drama, Mystery, Suspense"},{"Genre":"Adventure, Comedy, Fantasy"},{"Genre":"Comedy"},{"Genre":"Drama, Romance"},{"Genre":"Action, Adventure"},{"Genre":"Action, Comedy, Supernatural"},{"Genre":"Comedy, Mystery, Supernatural"},{"Genre":"Action, Adventure, Drama, Fantasy, Mystery"},{"Genre":"Comedy, Mystery, Supernatural"},{"Genre":"Drama, Fantasy, Suspense"},{"Genre":"Drama, Sci-Fi"},{"Genre":"Adventure, Fantasy, Mystery, Slice of Life, Supernatural"},{"Genre":"Comedy, Romance"},{"Genre":"Sports"},{"Genre":"Drama, Supernatural"},{"Genre":"Sports"},{"Genre":"Action, Adventure, Drama, Supernatural"},{"Genre":"Comedy"},{"Genre":"Action, Comedy, Sci-Fi"},{"Genre":"Comedy"},{"Genre":"Drama, Romance"},{"Genre":"Action, Adventure, Drama, Fantasy, Mystery"},{"Genre":"Fantasy, Horror, Mystery, Supernatural"},{"Genre":"Comedy, Supernatural"},{"Genre":"Action, Award Winning, Sci-Fi"},{"Genre":"Comedy, Supernatural"},{"Genre":"Drama, Romance"},{"Genre":"Action, Sci-Fi, Suspense"},{"Genre":"Drama, Fantasy"},{"Genre":"Action, Adventure, Comedy, Drama, Mystery"},{"Genre":"Sports"},{"Genre":"Drama, Slice of Life, Supernatural"},{"Genre":"Action"},{"Genre":"Action, Adventure, Fantasy"},{"Genre":"Comedy"},{"Genre":"Comedy"},{"Genre":"Action, Drama, Fantasy, Mystery"},{"Genre":"Action, Mystery, Romance, Supernatural, Suspense"},{"Genre":"Drama, Slice of Life, Supernatural"},{"Genre":"Drama, Fantasy"},{"Genre":"Action, Adventure, Comedy, Fantasy"},{"Genre":"Action, Adventure, Drama, Supernatural"},{"Genre":"Drama, Slice of Life"},{"Genre":"Drama, Sports"},{"Genre":"Drama, Romance, Sports"},{"Genre":"Comedy, Fantasy, Romance"},{"Genre":"Drama, Sports"},{"Genre":"Slice of Life"},{"Genre":"Action, Sci-Fi"},{"Genre":"Action, Fantasy"},{"Genre":"Slice of Life"},{"Genre":"Action, Mystery, Supernatural"},{"Genre":"Adventure, Drama, Fantasy, Mystery, Sci-Fi"},{"Genre":"Drama, Suspense"},{"Genre":"Drama, Fantasy, Ecchi"},{"Genre":"Comedy, Romance"},{"Genre":"Action, Comedy, Mystery, Supernatural"},{"Genre":"Adventure, Drama, Supernatural"},{"Genre":"Sports"},{"Genre":"Action, Comedy, Fantasy"},{"Genre":"Adventure, Award Winning, Fantasy"},{"Genre":"Award Winning, Drama, Suspense"},{"Genre":"Slice of Life"},{"Genre":"Music"},{"Genre":"Comedy, Drama, Romance"},{"Genre":"Action, Comedy, Sci-Fi"},{"Genre":"Action, Horror, Supernatural"},{"Genre":"Award Winning, Comedy"},{"Genre":"Drama, Fantasy, Suspense"},{"Genre":"Action, Horror, Sci-Fi"},{"Genre":"Action, Avant Garde, Award Winning, Drama, Sci-Fi, Suspense"},{"Genre":"Action, Sci-Fi, Suspense"},{"Genre":"Action, Comedy"},{"Genre":"Action"},{"Genre":"Mystery, Romance, Supernatural"},{"Genre":"Adventure, Comedy, Sci-Fi"},{"Genre":"Boys Love, Drama, Romance"},{"Genre":"Fantasy"},{"Genre":"Action, Sci-Fi"},{"Genre":"Action"},{"Genre":"Action, Drama, Sci-Fi"},{"Genre":"Drama, Romance"},{"Genre":"Drama, Fantasy"},{"Genre":"Sports"},{"Genre":"Drama, Slice of Life, Supernatural"},{"Genre":"Sports"},{"Genre":"Fantasy, Slice of Life"},{"Genre":"Drama, Slice of Life, Supernatural"},{"Genre":"Adventure, Fantasy, Romance"},{"Genre":"Adventure, Drama, Slice of Life"},{"Genre":"Action, Adventure, Comedy, Fantasy"},{"Genre":"Action, Fantasy, Supernatural"},{"Genre":"Action, Drama"},{"Genre":"Action, Adventure, Romance"},{"Genre":null},{"Genre":"Drama, Fantasy"},{"Genre":"Drama, Supernatural"},{"Genre":"Mystery, Supernatural, Suspense"},{"Genre":"Action, Drama, Sci-Fi"},{"Genre":"Action, Adventure, Fantasy"},{"Genre":"Drama"},{"Genre":"Drama, Slice of Life, Supernatural"},{"Genre":"Comedy, Drama, Romance"},{"Genre":"Drama, Romance"},{"Genre":"Sci-Fi"},{"Genre":"Sports"},{"Genre":"Award Winning, Drama, Fantasy, Romance"},{"Genre":"Sports"},{"Genre":"Adventure, Mystery"},{"Genre":"Sports"},{"Genre":"Drama"},{"Genre":"Drama, Sports"}]')
 2 SYSTEMPATH\CodeIgniter.php(934): App\Controllers\Anime->getAllGenres()
 3 SYSTEMPATH\CodeIgniter.php(499): CodeIgniter\CodeIgniter->runController(Object(App\Controllers\Anime))
 4 SYSTEMPATH\CodeIgniter.php(368): CodeIgniter\CodeIgniter->handleRequest(null, Object(Config\Cache), false)
 5 FCPATH\index.php(67): CodeIgniter\CodeIgniter->run()
CRITICAL - 2023-06-19 23:14:56 --> Array to string conversion
in APPPATH\Controllers\Anime.php on line 80.
 1 [internal function]: CodeIgniter\Debug\Exceptions->errorHandler(2, 'Array to string conversion', 'C:\\xampp\\htdocs\\ci4-anime-api\\app\\Controllers\\Anime.php', 80)
 2 APPPATH\Controllers\Anime.php(80): array_unique([...])
 3 SYSTEMPATH\CodeIgniter.php(934): App\Controllers\Anime->getAllGenres()
 4 SYSTEMPATH\CodeIgniter.php(499): CodeIgniter\CodeIgniter->runController(Object(App\Controllers\Anime))
 5 SYSTEMPATH\CodeIgniter.php(368): CodeIgniter\CodeIgniter->handleRequest(null, Object(Config\Cache), false)
 6 FCPATH\index.php(67): CodeIgniter\CodeIgniter->run()
