CRITICAL - 2023-06-23 22:01:08 --> Undefined array key "title"
in APPPATH\Controllers\Anime.php on line 91.
 1 APPPATH\Controllers\Anime.php(91): CodeIgniter\Debug\Exceptions->errorHandler(2, 'Undefined array key "title"', 'C:\\xampp\\htdocs\\ci4-anime-api\\app\\Controllers\\Anime.php', 91)
 2 SYSTEMPATH\CodeIgniter.php(934): App\Controllers\Anime->insertGenres()
 3 SYSTEMPATH\CodeIgniter.php(499): CodeIgniter\CodeIgniter->runController(Object(App\Controllers\Anime))
 4 SYSTEMPATH\CodeIgniter.php(368): CodeIgniter\CodeIgniter->handleRequest(null, Object(Config\Cache), false)
 5 FCPATH\index.php(67): CodeIgniter\CodeIgniter->run()
CRITICAL - 2023-06-23 22:01:20 --> Array to string conversion
in APPPATH\Controllers\Anime.php on line 91.
 1 APPPATH\Controllers\Anime.php(91): CodeIgniter\Debug\Exceptions->errorHandler(2, 'Array to string conversion', 'C:\\xampp\\htdocs\\ci4-anime-api\\app\\Controllers\\Anime.php', 91)
 2 SYSTEMPATH\CodeIgniter.php(934): App\Controllers\Anime->insertGenres()
 3 SYSTEMPATH\CodeIgniter.php(499): CodeIgniter\CodeIgniter->runController(Object(App\Controllers\Anime))
 4 SYSTEMPATH\CodeIgniter.php(368): CodeIgniter\CodeIgniter->handleRequest(null, Object(Config\Cache), false)
 5 FCPATH\index.php(67): CodeIgniter\CodeIgniter->run()
WARNING - 2023-06-23 22:12:24 --> [DEPRECATED] str_word_count(): Passing null to parameter #1 ($string) of type string is deprecated in APPPATH\Controllers\Anime.php on line 96.
 1 APPPATH\Controllers\Anime.php(96): str_word_count(null, 1)
 2 SYSTEMPATH\CodeIgniter.php(934): App\Controllers\Anime->insertGenres()
 3 SYSTEMPATH\CodeIgniter.php(499): CodeIgniter\CodeIgniter->runController(Object(App\Controllers\Anime))
 4 SYSTEMPATH\CodeIgniter.php(368): CodeIgniter\CodeIgniter->handleRequest(null, Object(Config\Cache), false)
 5 FCPATH\index.php(67): CodeIgniter\CodeIgniter->run()
WARNING - 2023-06-23 22:15:05 --> [DEPRECATED] str_word_count(): Passing null to parameter #1 ($string) of type string is deprecated in APPPATH\Controllers\Anime.php on line 97.
 1 APPPATH\Controllers\Anime.php(97): str_word_count(null, 1)
 2 SYSTEMPATH\CodeIgniter.php(934): App\Controllers\Anime->insertGenres()
 3 SYSTEMPATH\CodeIgniter.php(499): CodeIgniter\CodeIgniter->runController(Object(App\Controllers\Anime))
 4 SYSTEMPATH\CodeIgniter.php(368): CodeIgniter\CodeIgniter->handleRequest(null, Object(Config\Cache), false)
 5 FCPATH\index.php(67): CodeIgniter\CodeIgniter->run()
WARNING - 2023-06-23 22:15:15 --> [DEPRECATED] str_word_count(): Passing null to parameter #1 ($string) of type string is deprecated in APPPATH\Controllers\Anime.php on line 97.
 1 APPPATH\Controllers\Anime.php(97): str_word_count(null, 1)
 2 SYSTEMPATH\CodeIgniter.php(934): App\Controllers\Anime->insertGenres()
 3 SYSTEMPATH\CodeIgniter.php(499): CodeIgniter\CodeIgniter->runController(Object(App\Controllers\Anime))
 4 SYSTEMPATH\CodeIgniter.php(368): CodeIgniter\CodeIgniter->handleRequest(null, Object(Config\Cache), false)
 5 FCPATH\index.php(67): CodeIgniter\CodeIgniter->run()
WARNING - 2023-06-23 22:16:30 --> [DEPRECATED] str_word_count(): Passing null to parameter #1 ($string) of type string is deprecated in APPPATH\Controllers\Anime.php on line 97.
 1 APPPATH\Controllers\Anime.php(97): str_word_count(null, 1)
 2 SYSTEMPATH\CodeIgniter.php(934): App\Controllers\Anime->insertGenres()
 3 SYSTEMPATH\CodeIgniter.php(499): CodeIgniter\CodeIgniter->runController(Object(App\Controllers\Anime))
 4 SYSTEMPATH\CodeIgniter.php(368): CodeIgniter\CodeIgniter->handleRequest(null, Object(Config\Cache), false)
 5 FCPATH\index.php(67): CodeIgniter\CodeIgniter->run()
WARNING - 2023-06-23 22:16:49 --> [DEPRECATED] str_word_count(): Passing null to parameter #1 ($string) of type string is deprecated in APPPATH\Controllers\Anime.php on line 97.
 1 APPPATH\Controllers\Anime.php(97): str_word_count(null, 1)
 2 SYSTEMPATH\CodeIgniter.php(934): App\Controllers\Anime->insertGenres()
 3 SYSTEMPATH\CodeIgniter.php(499): CodeIgniter\CodeIgniter->runController(Object(App\Controllers\Anime))
 4 SYSTEMPATH\CodeIgniter.php(368): CodeIgniter\CodeIgniter->handleRequest(null, Object(Config\Cache), false)
 5 FCPATH\index.php(67): CodeIgniter\CodeIgniter->run()
CRITICAL - 2023-06-23 22:17:36 --> syntax error, unexpected variable "$frasesSeparadasPorComas", expecting "("
in APPPATH\Controllers\Anime.php on line 100.
 1 SYSTEMPATH\Autoloader\Autoloader.php(289): CodeIgniter\Autoloader\Autoloader->includeFile('C:\\xampp\\htdocs\\ci4-anime-api\\app\\Controllers\\Anime.php')
 2 SYSTEMPATH\Autoloader\Autoloader.php(267): CodeIgniter\Autoloader\Autoloader->loadInNamespace('App\\Controllers\\Anime')
 3 [internal function]: CodeIgniter\Autoloader\Autoloader->loadClass('App\\Controllers\\Anime')
 4 SYSTEMPATH\CodeIgniter.php(892): class_exists('\\App\\Controllers\\Anime', true)
 5 SYSTEMPATH\CodeIgniter.php(486): CodeIgniter\CodeIgniter->startController()
 6 SYSTEMPATH\CodeIgniter.php(368): CodeIgniter\CodeIgniter->handleRequest(null, Object(Config\Cache), false)
 7 FCPATH\index.php(67): CodeIgniter\CodeIgniter->run()
CRITICAL - 2023-06-23 22:17:43 --> foreach() argument must be of type array|object, string given
in APPPATH\Controllers\Anime.php on line 100.
 1 APPPATH\Controllers\Anime.php(100): CodeIgniter\Debug\Exceptions->errorHandler(2, 'foreach() argument must be of type array|object, string given', 'C:\\xampp\\htdocs\\ci4-anime-api\\app\\Controllers\\Anime.php', 100)
 2 SYSTEMPATH\CodeIgniter.php(934): App\Controllers\Anime->insertGenres()
 3 SYSTEMPATH\CodeIgniter.php(499): CodeIgniter\CodeIgniter->runController(Object(App\Controllers\Anime))
 4 SYSTEMPATH\CodeIgniter.php(368): CodeIgniter\CodeIgniter->handleRequest(null, Object(Config\Cache), false)
 5 FCPATH\index.php(67): CodeIgniter\CodeIgniter->run()
WARNING - 2023-06-23 22:18:55 --> [DEPRECATED] str_word_count(): Passing null to parameter #1 ($string) of type string is deprecated in APPPATH\Controllers\Anime.php on line 97.
 1 APPPATH\Controllers\Anime.php(97): str_word_count(null, 1)
 2 SYSTEMPATH\CodeIgniter.php(934): App\Controllers\Anime->insertGenres()
 3 SYSTEMPATH\CodeIgniter.php(499): CodeIgniter\CodeIgniter->runController(Object(App\Controllers\Anime))
 4 SYSTEMPATH\CodeIgniter.php(368): CodeIgniter\CodeIgniter->handleRequest(null, Object(Config\Cache), false)
 5 FCPATH\index.php(67): CodeIgniter\CodeIgniter->run()
WARNING - 2023-06-23 22:20:37 --> [DEPRECATED] explode(): Passing null to parameter #2 ($string) of type string is deprecated in APPPATH\Controllers\Anime.php on line 98.
 1 APPPATH\Controllers\Anime.php(98): explode(',', null)
 2 SYSTEMPATH\CodeIgniter.php(934): App\Controllers\Anime->insertGenres()
 3 SYSTEMPATH\CodeIgniter.php(499): CodeIgniter\CodeIgniter->runController(Object(App\Controllers\Anime))
 4 SYSTEMPATH\CodeIgniter.php(368): CodeIgniter\CodeIgniter->handleRequest(null, Object(Config\Cache), false)
 5 FCPATH\index.php(67): CodeIgniter\CodeIgniter->run()
WARNING - 2023-06-23 22:21:15 --> [DEPRECATED] explode(): Passing null to parameter #2 ($string) of type string is deprecated in APPPATH\Controllers\Anime.php on line 98.
 1 APPPATH\Controllers\Anime.php(98): explode(',', null)
 2 SYSTEMPATH\CodeIgniter.php(934): App\Controllers\Anime->insertGenres()
 3 SYSTEMPATH\CodeIgniter.php(499): CodeIgniter\CodeIgniter->runController(Object(App\Controllers\Anime))
 4 SYSTEMPATH\CodeIgniter.php(368): CodeIgniter\CodeIgniter->handleRequest(null, Object(Config\Cache), false)
 5 FCPATH\index.php(67): CodeIgniter\CodeIgniter->run()
WARNING - 2023-06-23 22:22:51 --> [DEPRECATED] explode(): Passing null to parameter #2 ($string) of type string is deprecated in APPPATH\Controllers\Anime.php on line 98.
 1 APPPATH\Controllers\Anime.php(98): explode(',', null)
 2 SYSTEMPATH\CodeIgniter.php(934): App\Controllers\Anime->insertGenres()
 3 SYSTEMPATH\CodeIgniter.php(499): CodeIgniter\CodeIgniter->runController(Object(App\Controllers\Anime))
 4 SYSTEMPATH\CodeIgniter.php(368): CodeIgniter\CodeIgniter->handleRequest(null, Object(Config\Cache), false)
 5 FCPATH\index.php(67): CodeIgniter\CodeIgniter->run()
WARNING - 2023-06-23 22:23:16 --> [DEPRECATED] explode(): Passing null to parameter #2 ($string) of type string is deprecated in APPPATH\Controllers\Anime.php on line 98.
 1 APPPATH\Controllers\Anime.php(98): explode(',', null)
 2 SYSTEMPATH\CodeIgniter.php(934): App\Controllers\Anime->insertGenres()
 3 SYSTEMPATH\CodeIgniter.php(499): CodeIgniter\CodeIgniter->runController(Object(App\Controllers\Anime))
 4 SYSTEMPATH\CodeIgniter.php(368): CodeIgniter\CodeIgniter->handleRequest(null, Object(Config\Cache), false)
 5 FCPATH\index.php(67): CodeIgniter\CodeIgniter->run()
WARNING - 2023-06-23 22:23:43 --> [DEPRECATED] explode(): Passing null to parameter #2 ($string) of type string is deprecated in APPPATH\Controllers\Anime.php on line 98.
 1 APPPATH\Controllers\Anime.php(98): explode(',', null)
 2 SYSTEMPATH\CodeIgniter.php(934): App\Controllers\Anime->insertGenres()
 3 SYSTEMPATH\CodeIgniter.php(499): CodeIgniter\CodeIgniter->runController(Object(App\Controllers\Anime))
 4 SYSTEMPATH\CodeIgniter.php(368): CodeIgniter\CodeIgniter->handleRequest(null, Object(Config\Cache), false)
 5 FCPATH\index.php(67): CodeIgniter\CodeIgniter->run()
WARNING - 2023-06-23 22:24:19 --> [DEPRECATED] explode(): Passing null to parameter #2 ($string) of type string is deprecated in APPPATH\Controllers\Anime.php on line 98.
 1 APPPATH\Controllers\Anime.php(98): explode(',', null)
 2 SYSTEMPATH\CodeIgniter.php(934): App\Controllers\Anime->insertGenres()
 3 SYSTEMPATH\CodeIgniter.php(499): CodeIgniter\CodeIgniter->runController(Object(App\Controllers\Anime))
 4 SYSTEMPATH\CodeIgniter.php(368): CodeIgniter\CodeIgniter->handleRequest(null, Object(Config\Cache), false)
 5 FCPATH\index.php(67): CodeIgniter\CodeIgniter->run()
WARNING - 2023-06-23 22:24:34 --> [DEPRECATED] explode(): Passing null to parameter #2 ($string) of type string is deprecated in APPPATH\Controllers\Anime.php on line 98.
 1 APPPATH\Controllers\Anime.php(98): explode(',', null)
 2 SYSTEMPATH\CodeIgniter.php(934): App\Controllers\Anime->insertGenres()
 3 SYSTEMPATH\CodeIgniter.php(499): CodeIgniter\CodeIgniter->runController(Object(App\Controllers\Anime))
 4 SYSTEMPATH\CodeIgniter.php(368): CodeIgniter\CodeIgniter->handleRequest(null, Object(Config\Cache), false)
 5 FCPATH\index.php(67): CodeIgniter\CodeIgniter->run()
WARNING - 2023-06-23 22:26:19 --> [DEPRECATED] explode(): Passing null to parameter #2 ($string) of type string is deprecated in APPPATH\Controllers\Anime.php on line 98.
 1 APPPATH\Controllers\Anime.php(98): explode(',', null)
 2 SYSTEMPATH\CodeIgniter.php(934): App\Controllers\Anime->insertGenres()
 3 SYSTEMPATH\CodeIgniter.php(499): CodeIgniter\CodeIgniter->runController(Object(App\Controllers\Anime))
 4 SYSTEMPATH\CodeIgniter.php(368): CodeIgniter\CodeIgniter->handleRequest(null, Object(Config\Cache), false)
 5 FCPATH\index.php(67): CodeIgniter\CodeIgniter->run()
WARNING - 2023-06-23 22:26:25 --> [DEPRECATED] explode(): Passing null to parameter #2 ($string) of type string is deprecated in APPPATH\Controllers\Anime.php on line 98.
 1 APPPATH\Controllers\Anime.php(98): explode(',', null)
 2 SYSTEMPATH\CodeIgniter.php(934): App\Controllers\Anime->insertGenres()
 3 SYSTEMPATH\CodeIgniter.php(499): CodeIgniter\CodeIgniter->runController(Object(App\Controllers\Anime))
 4 SYSTEMPATH\CodeIgniter.php(368): CodeIgniter\CodeIgniter->handleRequest(null, Object(Config\Cache), false)
 5 FCPATH\index.php(67): CodeIgniter\CodeIgniter->run()
WARNING - 2023-06-23 22:26:45 --> [DEPRECATED] explode(): Passing null to parameter #2 ($string) of type string is deprecated in APPPATH\Controllers\Anime.php on line 98.
 1 APPPATH\Controllers\Anime.php(98): explode(',', null)
 2 SYSTEMPATH\CodeIgniter.php(934): App\Controllers\Anime->insertGenres()
 3 SYSTEMPATH\CodeIgniter.php(499): CodeIgniter\CodeIgniter->runController(Object(App\Controllers\Anime))
 4 SYSTEMPATH\CodeIgniter.php(368): CodeIgniter\CodeIgniter->handleRequest(null, Object(Config\Cache), false)
 5 FCPATH\index.php(67): CodeIgniter\CodeIgniter->run()
CRITICAL - 2023-06-23 22:27:33 --> Undefined variable $cadena
in APPPATH\Controllers\Anime.php on line 102.
 1 APPPATH\Controllers\Anime.php(102): CodeIgniter\Debug\Exceptions->errorHandler(2, 'Undefined variable $cadena', 'C:\\xampp\\htdocs\\ci4-anime-api\\app\\Controllers\\Anime.php', 102)
 2 SYSTEMPATH\CodeIgniter.php(934): App\Controllers\Anime->insertGenres()
 3 SYSTEMPATH\CodeIgniter.php(499): CodeIgniter\CodeIgniter->runController(Object(App\Controllers\Anime))
 4 SYSTEMPATH\CodeIgniter.php(368): CodeIgniter\CodeIgniter->handleRequest(null, Object(Config\Cache), false)
 5 FCPATH\index.php(67): CodeIgniter\CodeIgniter->run()
WARNING - 2023-06-23 22:27:44 --> [DEPRECATED] explode(): Passing null to parameter #2 ($string) of type string is deprecated in APPPATH\Controllers\Anime.php on line 98.
 1 APPPATH\Controllers\Anime.php(98): explode(',', null)
 2 SYSTEMPATH\CodeIgniter.php(934): App\Controllers\Anime->insertGenres()
 3 SYSTEMPATH\CodeIgniter.php(499): CodeIgniter\CodeIgniter->runController(Object(App\Controllers\Anime))
 4 SYSTEMPATH\CodeIgniter.php(368): CodeIgniter\CodeIgniter->handleRequest(null, Object(Config\Cache), false)
 5 FCPATH\index.php(67): CodeIgniter\CodeIgniter->run()
WARNING - 2023-06-23 22:28:20 --> [DEPRECATED] explode(): Passing null to parameter #2 ($string) of type string is deprecated in APPPATH\Controllers\Anime.php on line 98.
 1 APPPATH\Controllers\Anime.php(98): explode(',', null)
 2 SYSTEMPATH\CodeIgniter.php(934): App\Controllers\Anime->insertGenres()
 3 SYSTEMPATH\CodeIgniter.php(499): CodeIgniter\CodeIgniter->runController(Object(App\Controllers\Anime))
 4 SYSTEMPATH\CodeIgniter.php(368): CodeIgniter\CodeIgniter->handleRequest(null, Object(Config\Cache), false)
 5 FCPATH\index.php(67): CodeIgniter\CodeIgniter->run()
WARNING - 2023-06-23 22:28:51 --> [DEPRECATED] explode(): Passing null to parameter #2 ($string) of type string is deprecated in APPPATH\Controllers\Anime.php on line 98.
 1 APPPATH\Controllers\Anime.php(98): explode(',', null)
 2 SYSTEMPATH\CodeIgniter.php(934): App\Controllers\Anime->insertGenres()
 3 SYSTEMPATH\CodeIgniter.php(499): CodeIgniter\CodeIgniter->runController(Object(App\Controllers\Anime))
 4 SYSTEMPATH\CodeIgniter.php(368): CodeIgniter\CodeIgniter->handleRequest(null, Object(Config\Cache), false)
 5 FCPATH\index.php(67): CodeIgniter\CodeIgniter->run()
WARNING - 2023-06-23 22:30:58 --> [DEPRECATED] explode(): Passing null to parameter #2 ($string) of type string is deprecated in APPPATH\Controllers\Anime.php on line 98.
 1 APPPATH\Controllers\Anime.php(98): explode(',', null)
 2 SYSTEMPATH\CodeIgniter.php(934): App\Controllers\Anime->insertGenres()
 3 SYSTEMPATH\CodeIgniter.php(499): CodeIgniter\CodeIgniter->runController(Object(App\Controllers\Anime))
 4 SYSTEMPATH\CodeIgniter.php(368): CodeIgniter\CodeIgniter->handleRequest(null, Object(Config\Cache), false)
 5 FCPATH\index.php(67): CodeIgniter\CodeIgniter->run()
WARNING - 2023-06-23 22:36:34 --> [DEPRECATED] explode(): Passing null to parameter #2 ($string) of type string is deprecated in APPPATH\Controllers\Anime.php on line 98.
 1 APPPATH\Controllers\Anime.php(98): explode(',', null)
 2 SYSTEMPATH\CodeIgniter.php(934): App\Controllers\Anime->insertGenres()
 3 SYSTEMPATH\CodeIgniter.php(499): CodeIgniter\CodeIgniter->runController(Object(App\Controllers\Anime))
 4 SYSTEMPATH\CodeIgniter.php(368): CodeIgniter\CodeIgniter->handleRequest(null, Object(Config\Cache), false)
 5 FCPATH\index.php(67): CodeIgniter\CodeIgniter->run()
WARNING - 2023-06-23 22:41:05 --> [DEPRECATED] explode(): Passing null to parameter #2 ($string) of type string is deprecated in APPPATH\Controllers\Anime.php on line 98.
 1 APPPATH\Controllers\Anime.php(98): explode(',', null)
 2 SYSTEMPATH\CodeIgniter.php(934): App\Controllers\Anime->insertGenres()
 3 SYSTEMPATH\CodeIgniter.php(499): CodeIgniter\CodeIgniter->runController(Object(App\Controllers\Anime))
 4 SYSTEMPATH\CodeIgniter.php(368): CodeIgniter\CodeIgniter->handleRequest(null, Object(Config\Cache), false)
 5 FCPATH\index.php(67): CodeIgniter\CodeIgniter->run()
WARNING - 2023-06-23 22:41:23 --> [DEPRECATED] explode(): Passing null to parameter #2 ($string) of type string is deprecated in APPPATH\Controllers\Anime.php on line 98.
 1 APPPATH\Controllers\Anime.php(98): explode(',', null)
 2 SYSTEMPATH\CodeIgniter.php(934): App\Controllers\Anime->insertGenres()
 3 SYSTEMPATH\CodeIgniter.php(499): CodeIgniter\CodeIgniter->runController(Object(App\Controllers\Anime))
 4 SYSTEMPATH\CodeIgniter.php(368): CodeIgniter\CodeIgniter->handleRequest(null, Object(Config\Cache), false)
 5 FCPATH\index.php(67): CodeIgniter\CodeIgniter->run()
WARNING - 2023-06-23 22:41:32 --> [DEPRECATED] explode(): Passing null to parameter #2 ($string) of type string is deprecated in APPPATH\Controllers\Anime.php on line 98.
 1 APPPATH\Controllers\Anime.php(98): explode(',', null)
 2 SYSTEMPATH\CodeIgniter.php(934): App\Controllers\Anime->insertGenres()
 3 SYSTEMPATH\CodeIgniter.php(499): CodeIgniter\CodeIgniter->runController(Object(App\Controllers\Anime))
 4 SYSTEMPATH\CodeIgniter.php(368): CodeIgniter\CodeIgniter->handleRequest(null, Object(Config\Cache), false)
 5 FCPATH\index.php(67): CodeIgniter\CodeIgniter->run()
WARNING - 2023-06-23 22:42:11 --> [DEPRECATED] explode(): Passing null to parameter #2 ($string) of type string is deprecated in APPPATH\Controllers\Anime.php on line 98.
 1 APPPATH\Controllers\Anime.php(98): explode(',', null)
 2 SYSTEMPATH\CodeIgniter.php(934): App\Controllers\Anime->insertGenres()
 3 SYSTEMPATH\CodeIgniter.php(499): CodeIgniter\CodeIgniter->runController(Object(App\Controllers\Anime))
 4 SYSTEMPATH\CodeIgniter.php(368): CodeIgniter\CodeIgniter->handleRequest(null, Object(Config\Cache), false)
 5 FCPATH\index.php(67): CodeIgniter\CodeIgniter->run()
WARNING - 2023-06-23 22:44:05 --> [DEPRECATED] explode(): Passing null to parameter #2 ($string) of type string is deprecated in APPPATH\Controllers\Anime.php on line 98.
 1 APPPATH\Controllers\Anime.php(98): explode(',', null)
 2 SYSTEMPATH\CodeIgniter.php(934): App\Controllers\Anime->insertGenres()
 3 SYSTEMPATH\CodeIgniter.php(499): CodeIgniter\CodeIgniter->runController(Object(App\Controllers\Anime))
 4 SYSTEMPATH\CodeIgniter.php(368): CodeIgniter\CodeIgniter->handleRequest(null, Object(Config\Cache), false)
 5 FCPATH\index.php(67): CodeIgniter\CodeIgniter->run()
WARNING - 2023-06-23 22:44:51 --> [DEPRECATED] explode(): Passing null to parameter #2 ($string) of type string is deprecated in APPPATH\Controllers\Anime.php on line 98.
 1 APPPATH\Controllers\Anime.php(98): explode(',', null)
 2 SYSTEMPATH\CodeIgniter.php(934): App\Controllers\Anime->insertGenres()
 3 SYSTEMPATH\CodeIgniter.php(499): CodeIgniter\CodeIgniter->runController(Object(App\Controllers\Anime))
 4 SYSTEMPATH\CodeIgniter.php(368): CodeIgniter\CodeIgniter->handleRequest(null, Object(Config\Cache), false)
 5 FCPATH\index.php(67): CodeIgniter\CodeIgniter->run()
WARNING - 2023-06-23 22:45:05 --> [DEPRECATED] explode(): Passing null to parameter #2 ($string) of type string is deprecated in APPPATH\Controllers\Anime.php on line 98.
 1 APPPATH\Controllers\Anime.php(98): explode(',', null)
 2 SYSTEMPATH\CodeIgniter.php(934): App\Controllers\Anime->insertGenres()
 3 SYSTEMPATH\CodeIgniter.php(499): CodeIgniter\CodeIgniter->runController(Object(App\Controllers\Anime))
 4 SYSTEMPATH\CodeIgniter.php(368): CodeIgniter\CodeIgniter->handleRequest(null, Object(Config\Cache), false)
 5 FCPATH\index.php(67): CodeIgniter\CodeIgniter->run()
WARNING - 2023-06-23 22:45:13 --> [DEPRECATED] explode(): Passing null to parameter #2 ($string) of type string is deprecated in APPPATH\Controllers\Anime.php on line 98.
 1 APPPATH\Controllers\Anime.php(98): explode(',', null)
 2 SYSTEMPATH\CodeIgniter.php(934): App\Controllers\Anime->insertGenres()
 3 SYSTEMPATH\CodeIgniter.php(499): CodeIgniter\CodeIgniter->runController(Object(App\Controllers\Anime))
 4 SYSTEMPATH\CodeIgniter.php(368): CodeIgniter\CodeIgniter->handleRequest(null, Object(Config\Cache), false)
 5 FCPATH\index.php(67): CodeIgniter\CodeIgniter->run()
WARNING - 2023-06-23 22:46:17 --> [DEPRECATED] explode(): Passing null to parameter #2 ($string) of type string is deprecated in APPPATH\Controllers\Anime.php on line 98.
 1 APPPATH\Controllers\Anime.php(98): explode(',', null)
 2 SYSTEMPATH\CodeIgniter.php(934): App\Controllers\Anime->insertGenres()
 3 SYSTEMPATH\CodeIgniter.php(499): CodeIgniter\CodeIgniter->runController(Object(App\Controllers\Anime))
 4 SYSTEMPATH\CodeIgniter.php(368): CodeIgniter\CodeIgniter->handleRequest(null, Object(Config\Cache), false)
 5 FCPATH\index.php(67): CodeIgniter\CodeIgniter->run()
WARNING - 2023-06-23 22:47:00 --> [DEPRECATED] explode(): Passing null to parameter #2 ($string) of type string is deprecated in APPPATH\Controllers\Anime.php on line 98.
 1 APPPATH\Controllers\Anime.php(98): explode(',', null)
 2 SYSTEMPATH\CodeIgniter.php(934): App\Controllers\Anime->insertGenres()
 3 SYSTEMPATH\CodeIgniter.php(499): CodeIgniter\CodeIgniter->runController(Object(App\Controllers\Anime))
 4 SYSTEMPATH\CodeIgniter.php(368): CodeIgniter\CodeIgniter->handleRequest(null, Object(Config\Cache), false)
 5 FCPATH\index.php(67): CodeIgniter\CodeIgniter->run()
CRITICAL - 2023-06-23 22:49:51 --> Undefined variable $string
in APPPATH\Controllers\Anime.php on line 101.
 1 APPPATH\Controllers\Anime.php(101): CodeIgniter\Debug\Exceptions->errorHandler(2, 'Undefined variable $string', 'C:\\xampp\\htdocs\\ci4-anime-api\\app\\Controllers\\Anime.php', 101)
 2 SYSTEMPATH\CodeIgniter.php(934): App\Controllers\Anime->insertGenres()
 3 SYSTEMPATH\CodeIgniter.php(499): CodeIgniter\CodeIgniter->runController(Object(App\Controllers\Anime))
 4 SYSTEMPATH\CodeIgniter.php(368): CodeIgniter\CodeIgniter->handleRequest(null, Object(Config\Cache), false)
 5 FCPATH\index.php(67): CodeIgniter\CodeIgniter->run()
WARNING - 2023-06-23 22:50:02 --> [DEPRECATED] explode(): Passing null to parameter #2 ($string) of type string is deprecated in APPPATH\Controllers\Anime.php on line 98.
 1 APPPATH\Controllers\Anime.php(98): explode(',', null)
 2 SYSTEMPATH\CodeIgniter.php(934): App\Controllers\Anime->insertGenres()
 3 SYSTEMPATH\CodeIgniter.php(499): CodeIgniter\CodeIgniter->runController(Object(App\Controllers\Anime))
 4 SYSTEMPATH\CodeIgniter.php(368): CodeIgniter\CodeIgniter->handleRequest(null, Object(Config\Cache), false)
 5 FCPATH\index.php(67): CodeIgniter\CodeIgniter->run()
WARNING - 2023-06-23 22:50:36 --> [DEPRECATED] explode(): Passing null to parameter #2 ($string) of type string is deprecated in APPPATH\Controllers\Anime.php on line 98.
 1 APPPATH\Controllers\Anime.php(98): explode(',', null)
 2 SYSTEMPATH\CodeIgniter.php(934): App\Controllers\Anime->insertGenres()
 3 SYSTEMPATH\CodeIgniter.php(499): CodeIgniter\CodeIgniter->runController(Object(App\Controllers\Anime))
 4 SYSTEMPATH\CodeIgniter.php(368): CodeIgniter\CodeIgniter->handleRequest(null, Object(Config\Cache), false)
 5 FCPATH\index.php(67): CodeIgniter\CodeIgniter->run()
WARNING - 2023-06-23 22:51:02 --> [DEPRECATED] explode(): Passing null to parameter #2 ($string) of type string is deprecated in APPPATH\Controllers\Anime.php on line 98.
 1 APPPATH\Controllers\Anime.php(98): explode(',', null)
 2 SYSTEMPATH\CodeIgniter.php(934): App\Controllers\Anime->insertGenres()
 3 SYSTEMPATH\CodeIgniter.php(499): CodeIgniter\CodeIgniter->runController(Object(App\Controllers\Anime))
 4 SYSTEMPATH\CodeIgniter.php(368): CodeIgniter\CodeIgniter->handleRequest(null, Object(Config\Cache), false)
 5 FCPATH\index.php(67): CodeIgniter\CodeIgniter->run()
WARNING - 2023-06-23 22:51:13 --> [DEPRECATED] explode(): Passing null to parameter #2 ($string) of type string is deprecated in APPPATH\Controllers\Anime.php on line 98.
 1 APPPATH\Controllers\Anime.php(98): explode(',', null)
 2 SYSTEMPATH\CodeIgniter.php(934): App\Controllers\Anime->insertGenres()
 3 SYSTEMPATH\CodeIgniter.php(499): CodeIgniter\CodeIgniter->runController(Object(App\Controllers\Anime))
 4 SYSTEMPATH\CodeIgniter.php(368): CodeIgniter\CodeIgniter->handleRequest(null, Object(Config\Cache), false)
 5 FCPATH\index.php(67): CodeIgniter\CodeIgniter->run()
WARNING - 2023-06-23 22:51:57 --> [DEPRECATED] explode(): Passing null to parameter #2 ($string) of type string is deprecated in APPPATH\Controllers\Anime.php on line 98.
 1 APPPATH\Controllers\Anime.php(98): explode(',', null)
 2 SYSTEMPATH\CodeIgniter.php(934): App\Controllers\Anime->insertGenres()
 3 SYSTEMPATH\CodeIgniter.php(499): CodeIgniter\CodeIgniter->runController(Object(App\Controllers\Anime))
 4 SYSTEMPATH\CodeIgniter.php(368): CodeIgniter\CodeIgniter->handleRequest(null, Object(Config\Cache), false)
 5 FCPATH\index.php(67): CodeIgniter\CodeIgniter->run()
WARNING - 2023-06-23 22:52:02 --> [DEPRECATED] explode(): Passing null to parameter #2 ($string) of type string is deprecated in APPPATH\Controllers\Anime.php on line 98.
 1 APPPATH\Controllers\Anime.php(98): explode(',', null)
 2 SYSTEMPATH\CodeIgniter.php(934): App\Controllers\Anime->insertGenres()
 3 SYSTEMPATH\CodeIgniter.php(499): CodeIgniter\CodeIgniter->runController(Object(App\Controllers\Anime))
 4 SYSTEMPATH\CodeIgniter.php(368): CodeIgniter\CodeIgniter->handleRequest(null, Object(Config\Cache), false)
 5 FCPATH\index.php(67): CodeIgniter\CodeIgniter->run()
WARNING - 2023-06-23 22:53:17 --> [DEPRECATED] explode(): Passing null to parameter #2 ($string) of type string is deprecated in APPPATH\Controllers\Anime.php on line 98.
 1 APPPATH\Controllers\Anime.php(98): explode(',', null)
 2 SYSTEMPATH\CodeIgniter.php(934): App\Controllers\Anime->insertGenres()
 3 SYSTEMPATH\CodeIgniter.php(499): CodeIgniter\CodeIgniter->runController(Object(App\Controllers\Anime))
 4 SYSTEMPATH\CodeIgniter.php(368): CodeIgniter\CodeIgniter->handleRequest(null, Object(Config\Cache), false)
 5 FCPATH\index.php(67): CodeIgniter\CodeIgniter->run()
WARNING - 2023-06-23 22:53:36 --> [DEPRECATED] explode(): Passing null to parameter #2 ($string) of type string is deprecated in APPPATH\Controllers\Anime.php on line 98.
 1 APPPATH\Controllers\Anime.php(98): explode(',', null)
 2 SYSTEMPATH\CodeIgniter.php(934): App\Controllers\Anime->insertGenres()
 3 SYSTEMPATH\CodeIgniter.php(499): CodeIgniter\CodeIgniter->runController(Object(App\Controllers\Anime))
 4 SYSTEMPATH\CodeIgniter.php(368): CodeIgniter\CodeIgniter->handleRequest(null, Object(Config\Cache), false)
 5 FCPATH\index.php(67): CodeIgniter\CodeIgniter->run()
WARNING - 2023-06-23 22:53:52 --> [DEPRECATED] explode(): Passing null to parameter #2 ($string) of type string is deprecated in APPPATH\Controllers\Anime.php on line 98.
 1 APPPATH\Controllers\Anime.php(98): explode(',', null)
 2 SYSTEMPATH\CodeIgniter.php(934): App\Controllers\Anime->insertGenres()
 3 SYSTEMPATH\CodeIgniter.php(499): CodeIgniter\CodeIgniter->runController(Object(App\Controllers\Anime))
 4 SYSTEMPATH\CodeIgniter.php(368): CodeIgniter\CodeIgniter->handleRequest(null, Object(Config\Cache), false)
 5 FCPATH\index.php(67): CodeIgniter\CodeIgniter->run()
WARNING - 2023-06-23 22:54:06 --> [DEPRECATED] explode(): Passing null to parameter #2 ($string) of type string is deprecated in APPPATH\Controllers\Anime.php on line 98.
 1 APPPATH\Controllers\Anime.php(98): explode(',', null)
 2 SYSTEMPATH\CodeIgniter.php(934): App\Controllers\Anime->insertGenres()
 3 SYSTEMPATH\CodeIgniter.php(499): CodeIgniter\CodeIgniter->runController(Object(App\Controllers\Anime))
 4 SYSTEMPATH\CodeIgniter.php(368): CodeIgniter\CodeIgniter->handleRequest(null, Object(Config\Cache), false)
 5 FCPATH\index.php(67): CodeIgniter\CodeIgniter->run()
WARNING - 2023-06-23 22:54:33 --> [DEPRECATED] explode(): Passing null to parameter #2 ($string) of type string is deprecated in APPPATH\Controllers\Anime.php on line 98.
 1 APPPATH\Controllers\Anime.php(98): explode(',', null)
 2 SYSTEMPATH\CodeIgniter.php(934): App\Controllers\Anime->insertGenres()
 3 SYSTEMPATH\CodeIgniter.php(499): CodeIgniter\CodeIgniter->runController(Object(App\Controllers\Anime))
 4 SYSTEMPATH\CodeIgniter.php(368): CodeIgniter\CodeIgniter->handleRequest(null, Object(Config\Cache), false)
 5 FCPATH\index.php(67): CodeIgniter\CodeIgniter->run()
WARNING - 2023-06-23 22:55:33 --> [DEPRECATED] explode(): Passing null to parameter #2 ($string) of type string is deprecated in APPPATH\Controllers\Anime.php on line 98.
 1 APPPATH\Controllers\Anime.php(98): explode(',', null)
 2 SYSTEMPATH\CodeIgniter.php(934): App\Controllers\Anime->insertGenres()
 3 SYSTEMPATH\CodeIgniter.php(499): CodeIgniter\CodeIgniter->runController(Object(App\Controllers\Anime))
 4 SYSTEMPATH\CodeIgniter.php(368): CodeIgniter\CodeIgniter->handleRequest(null, Object(Config\Cache), false)
 5 FCPATH\index.php(67): CodeIgniter\CodeIgniter->run()
WARNING - 2023-06-23 22:55:40 --> [DEPRECATED] explode(): Passing null to parameter #2 ($string) of type string is deprecated in APPPATH\Controllers\Anime.php on line 98.
 1 APPPATH\Controllers\Anime.php(98): explode(',', null)
 2 SYSTEMPATH\CodeIgniter.php(934): App\Controllers\Anime->insertGenres()
 3 SYSTEMPATH\CodeIgniter.php(499): CodeIgniter\CodeIgniter->runController(Object(App\Controllers\Anime))
 4 SYSTEMPATH\CodeIgniter.php(368): CodeIgniter\CodeIgniter->handleRequest(null, Object(Config\Cache), false)
 5 FCPATH\index.php(67): CodeIgniter\CodeIgniter->run()
CRITICAL - 2023-06-23 23:00:39 --> Undefined variable $finalStr
in APPPATH\Controllers\Anime.php on line 106.
 1 APPPATH\Controllers\Anime.php(106): CodeIgniter\Debug\Exceptions->errorHandler(2, 'Undefined variable $finalStr', 'C:\\xampp\\htdocs\\ci4-anime-api\\app\\Controllers\\Anime.php', 106)
 2 SYSTEMPATH\CodeIgniter.php(934): App\Controllers\Anime->insertGenres()
 3 SYSTEMPATH\CodeIgniter.php(499): CodeIgniter\CodeIgniter->runController(Object(App\Controllers\Anime))
 4 SYSTEMPATH\CodeIgniter.php(368): CodeIgniter\CodeIgniter->handleRequest(null, Object(Config\Cache), false)
 5 FCPATH\index.php(67): CodeIgniter\CodeIgniter->run()
CRITICAL - 2023-06-23 23:00:40 --> Undefined variable $finalStr
in APPPATH\Controllers\Anime.php on line 106.
 1 APPPATH\Controllers\Anime.php(106): CodeIgniter\Debug\Exceptions->errorHandler(2, 'Undefined variable $finalStr', 'C:\\xampp\\htdocs\\ci4-anime-api\\app\\Controllers\\Anime.php', 106)
 2 SYSTEMPATH\CodeIgniter.php(934): App\Controllers\Anime->insertGenres()
 3 SYSTEMPATH\CodeIgniter.php(499): CodeIgniter\CodeIgniter->runController(Object(App\Controllers\Anime))
 4 SYSTEMPATH\CodeIgniter.php(368): CodeIgniter\CodeIgniter->handleRequest(null, Object(Config\Cache), false)
 5 FCPATH\index.php(67): CodeIgniter\CodeIgniter->run()
WARNING - 2023-06-23 23:00:50 --> [DEPRECATED] explode(): Passing null to parameter #2 ($string) of type string is deprecated in APPPATH\Controllers\Anime.php on line 98.
 1 APPPATH\Controllers\Anime.php(98): explode(',', null)
 2 SYSTEMPATH\CodeIgniter.php(934): App\Controllers\Anime->insertGenres()
 3 SYSTEMPATH\CodeIgniter.php(499): CodeIgniter\CodeIgniter->runController(Object(App\Controllers\Anime))
 4 SYSTEMPATH\CodeIgniter.php(368): CodeIgniter\CodeIgniter->handleRequest(null, Object(Config\Cache), false)
 5 FCPATH\index.php(67): CodeIgniter\CodeIgniter->run()
WARNING - 2023-06-23 23:01:01 --> [DEPRECATED] explode(): Passing null to parameter #2 ($string) of type string is deprecated in APPPATH\Controllers\Anime.php on line 98.
 1 APPPATH\Controllers\Anime.php(98): explode(',', null)
 2 SYSTEMPATH\CodeIgniter.php(934): App\Controllers\Anime->insertGenres()
 3 SYSTEMPATH\CodeIgniter.php(499): CodeIgniter\CodeIgniter->runController(Object(App\Controllers\Anime))
 4 SYSTEMPATH\CodeIgniter.php(368): CodeIgniter\CodeIgniter->handleRequest(null, Object(Config\Cache), false)
 5 FCPATH\index.php(67): CodeIgniter\CodeIgniter->run()
WARNING - 2023-06-23 23:03:05 --> [DEPRECATED] explode(): Passing null to parameter #2 ($string) of type string is deprecated in APPPATH\Controllers\Anime.php on line 98.
 1 APPPATH\Controllers\Anime.php(98): explode(',', null)
 2 SYSTEMPATH\CodeIgniter.php(934): App\Controllers\Anime->insertGenres()
 3 SYSTEMPATH\CodeIgniter.php(499): CodeIgniter\CodeIgniter->runController(Object(App\Controllers\Anime))
 4 SYSTEMPATH\CodeIgniter.php(368): CodeIgniter\CodeIgniter->handleRequest(null, Object(Config\Cache), false)
 5 FCPATH\index.php(67): CodeIgniter\CodeIgniter->run()
WARNING - 2023-06-23 23:03:08 --> [DEPRECATED] explode(): Passing null to parameter #2 ($string) of type string is deprecated in APPPATH\Controllers\Anime.php on line 98.
 1 APPPATH\Controllers\Anime.php(98): explode(',', null)
 2 SYSTEMPATH\CodeIgniter.php(934): App\Controllers\Anime->insertGenres()
 3 SYSTEMPATH\CodeIgniter.php(499): CodeIgniter\CodeIgniter->runController(Object(App\Controllers\Anime))
 4 SYSTEMPATH\CodeIgniter.php(368): CodeIgniter\CodeIgniter->handleRequest(null, Object(Config\Cache), false)
 5 FCPATH\index.php(67): CodeIgniter\CodeIgniter->run()
WARNING - 2023-06-23 23:03:40 --> [DEPRECATED] explode(): Passing null to parameter #2 ($string) of type string is deprecated in APPPATH\Controllers\Anime.php on line 98.
 1 APPPATH\Controllers\Anime.php(98): explode(',', null)
 2 SYSTEMPATH\CodeIgniter.php(934): App\Controllers\Anime->insertGenres()
 3 SYSTEMPATH\CodeIgniter.php(499): CodeIgniter\CodeIgniter->runController(Object(App\Controllers\Anime))
 4 SYSTEMPATH\CodeIgniter.php(368): CodeIgniter\CodeIgniter->handleRequest(null, Object(Config\Cache), false)
 5 FCPATH\index.php(67): CodeIgniter\CodeIgniter->run()
WARNING - 2023-06-23 23:08:37 --> [DEPRECATED] explode(): Passing null to parameter #2 ($string) of type string is deprecated in APPPATH\Controllers\Anime.php on line 98.
 1 APPPATH\Controllers\Anime.php(98): explode(',', null)
 2 SYSTEMPATH\CodeIgniter.php(934): App\Controllers\Anime->insertGenres()
 3 SYSTEMPATH\CodeIgniter.php(499): CodeIgniter\CodeIgniter->runController(Object(App\Controllers\Anime))
 4 SYSTEMPATH\CodeIgniter.php(368): CodeIgniter\CodeIgniter->handleRequest(null, Object(Config\Cache), false)
 5 FCPATH\index.php(67): CodeIgniter\CodeIgniter->run()
WARNING - 2023-06-23 23:08:41 --> [DEPRECATED] explode(): Passing null to parameter #2 ($string) of type string is deprecated in APPPATH\Controllers\Anime.php on line 98.
 1 APPPATH\Controllers\Anime.php(98): explode(',', null)
 2 SYSTEMPATH\CodeIgniter.php(934): App\Controllers\Anime->insertGenres()
 3 SYSTEMPATH\CodeIgniter.php(499): CodeIgniter\CodeIgniter->runController(Object(App\Controllers\Anime))
 4 SYSTEMPATH\CodeIgniter.php(368): CodeIgniter\CodeIgniter->handleRequest(null, Object(Config\Cache), false)
 5 FCPATH\index.php(67): CodeIgniter\CodeIgniter->run()
WARNING - 2023-06-23 23:09:28 --> [DEPRECATED] explode(): Passing null to parameter #2 ($string) of type string is deprecated in APPPATH\Controllers\Anime.php on line 98.
 1 APPPATH\Controllers\Anime.php(98): explode(',', null)
 2 SYSTEMPATH\CodeIgniter.php(934): App\Controllers\Anime->insertGenres()
 3 SYSTEMPATH\CodeIgniter.php(499): CodeIgniter\CodeIgniter->runController(Object(App\Controllers\Anime))
 4 SYSTEMPATH\CodeIgniter.php(368): CodeIgniter\CodeIgniter->handleRequest(null, Object(Config\Cache), false)
 5 FCPATH\index.php(67): CodeIgniter\CodeIgniter->run()
CRITICAL - 2023-06-23 23:09:28 --> Undefined constant "App\Controllers\Sports"
in APPPATH\Controllers\Anime.php on line 116.
 1 SYSTEMPATH\CodeIgniter.php(934): App\Controllers\Anime->insertGenres()
 2 SYSTEMPATH\CodeIgniter.php(499): CodeIgniter\CodeIgniter->runController(Object(App\Controllers\Anime))
 3 SYSTEMPATH\CodeIgniter.php(368): CodeIgniter\CodeIgniter->handleRequest(null, Object(Config\Cache), false)
 4 FCPATH\index.php(67): CodeIgniter\CodeIgniter->run()
WARNING - 2023-06-23 23:09:37 --> [DEPRECATED] explode(): Passing null to parameter #2 ($string) of type string is deprecated in APPPATH\Controllers\Anime.php on line 98.
 1 APPPATH\Controllers\Anime.php(98): explode(',', null)
 2 SYSTEMPATH\CodeIgniter.php(934): App\Controllers\Anime->insertGenres()
 3 SYSTEMPATH\CodeIgniter.php(499): CodeIgniter\CodeIgniter->runController(Object(App\Controllers\Anime))
 4 SYSTEMPATH\CodeIgniter.php(368): CodeIgniter\CodeIgniter->handleRequest(null, Object(Config\Cache), false)
 5 FCPATH\index.php(67): CodeIgniter\CodeIgniter->run()
WARNING - 2023-06-23 23:12:57 --> [DEPRECATED] explode(): Passing null to parameter #2 ($string) of type string is deprecated in APPPATH\Controllers\Anime.php on line 98.
 1 APPPATH\Controllers\Anime.php(98): explode(',', null)
 2 SYSTEMPATH\CodeIgniter.php(934): App\Controllers\Anime->insertGenres()
 3 SYSTEMPATH\CodeIgniter.php(499): CodeIgniter\CodeIgniter->runController(Object(App\Controllers\Anime))
 4 SYSTEMPATH\CodeIgniter.php(368): CodeIgniter\CodeIgniter->handleRequest(null, Object(Config\Cache), false)
 5 FCPATH\index.php(67): CodeIgniter\CodeIgniter->run()
CRITICAL - 2023-06-23 23:13:41 --> syntax error, unexpected token ";", expecting ")"
in APPPATH\Controllers\Anime.php on line 124.
 1 SYSTEMPATH\Autoloader\Autoloader.php(289): CodeIgniter\Autoloader\Autoloader->includeFile('C:\\xampp\\htdocs\\ci4-anime-api\\app\\Controllers\\Anime.php')
 2 SYSTEMPATH\Autoloader\Autoloader.php(267): CodeIgniter\Autoloader\Autoloader->loadInNamespace('App\\Controllers\\Anime')
 3 [internal function]: CodeIgniter\Autoloader\Autoloader->loadClass('App\\Controllers\\Anime')
 4 SYSTEMPATH\CodeIgniter.php(892): class_exists('\\App\\Controllers\\Anime', true)
 5 SYSTEMPATH\CodeIgniter.php(486): CodeIgniter\CodeIgniter->startController()
 6 SYSTEMPATH\CodeIgniter.php(368): CodeIgniter\CodeIgniter->handleRequest(null, Object(Config\Cache), false)
 7 FCPATH\index.php(67): CodeIgniter\CodeIgniter->run()
WARNING - 2023-06-23 23:13:49 --> [DEPRECATED] explode(): Passing null to parameter #2 ($string) of type string is deprecated in APPPATH\Controllers\Anime.php on line 98.
 1 APPPATH\Controllers\Anime.php(98): explode(',', null)
 2 SYSTEMPATH\CodeIgniter.php(934): App\Controllers\Anime->insertGenres()
 3 SYSTEMPATH\CodeIgniter.php(499): CodeIgniter\CodeIgniter->runController(Object(App\Controllers\Anime))
 4 SYSTEMPATH\CodeIgniter.php(368): CodeIgniter\CodeIgniter->handleRequest(null, Object(Config\Cache), false)
 5 FCPATH\index.php(67): CodeIgniter\CodeIgniter->run()
CRITICAL - 2023-06-23 23:13:49 --> Undefined variable $round
in APPPATH\Controllers\Anime.php on line 124.
 1 APPPATH\Controllers\Anime.php(124): CodeIgniter\Debug\Exceptions->errorHandler(2, 'Undefined variable $round', 'C:\\xampp\\htdocs\\ci4-anime-api\\app\\Controllers\\Anime.php', 124)
 2 SYSTEMPATH\CodeIgniter.php(934): App\Controllers\Anime->insertGenres()
 3 SYSTEMPATH\CodeIgniter.php(499): CodeIgniter\CodeIgniter->runController(Object(App\Controllers\Anime))
 4 SYSTEMPATH\CodeIgniter.php(368): CodeIgniter\CodeIgniter->handleRequest(null, Object(Config\Cache), false)
 5 FCPATH\index.php(67): CodeIgniter\CodeIgniter->run()
WARNING - 2023-06-23 23:13:56 --> [DEPRECATED] explode(): Passing null to parameter #2 ($string) of type string is deprecated in APPPATH\Controllers\Anime.php on line 98.
 1 APPPATH\Controllers\Anime.php(98): explode(',', null)
 2 SYSTEMPATH\CodeIgniter.php(934): App\Controllers\Anime->insertGenres()
 3 SYSTEMPATH\CodeIgniter.php(499): CodeIgniter\CodeIgniter->runController(Object(App\Controllers\Anime))
 4 SYSTEMPATH\CodeIgniter.php(368): CodeIgniter\CodeIgniter->handleRequest(null, Object(Config\Cache), false)
 5 FCPATH\index.php(67): CodeIgniter\CodeIgniter->run()
WARNING - 2023-06-23 23:14:47 --> [DEPRECATED] explode(): Passing null to parameter #2 ($string) of type string is deprecated in APPPATH\Controllers\Anime.php on line 98.
 1 APPPATH\Controllers\Anime.php(98): explode(',', null)
 2 SYSTEMPATH\CodeIgniter.php(934): App\Controllers\Anime->insertGenres()
 3 SYSTEMPATH\CodeIgniter.php(499): CodeIgniter\CodeIgniter->runController(Object(App\Controllers\Anime))
 4 SYSTEMPATH\CodeIgniter.php(368): CodeIgniter\CodeIgniter->handleRequest(null, Object(Config\Cache), false)
 5 FCPATH\index.php(67): CodeIgniter\CodeIgniter->run()
CRITICAL - 2023-06-23 23:14:47 --> Undefined variable $data
in APPPATH\Controllers\Anime.php on line 124.
 1 APPPATH\Controllers\Anime.php(124): CodeIgniter\Debug\Exceptions->errorHandler(2, 'Undefined variable $data', 'C:\\xampp\\htdocs\\ci4-anime-api\\app\\Controllers\\Anime.php', 124)
 2 SYSTEMPATH\CodeIgniter.php(934): App\Controllers\Anime->insertGenres()
 3 SYSTEMPATH\CodeIgniter.php(499): CodeIgniter\CodeIgniter->runController(Object(App\Controllers\Anime))
 4 SYSTEMPATH\CodeIgniter.php(368): CodeIgniter\CodeIgniter->handleRequest(null, Object(Config\Cache), false)
 5 FCPATH\index.php(67): CodeIgniter\CodeIgniter->run()
WARNING - 2023-06-23 23:14:58 --> [DEPRECATED] explode(): Passing null to parameter #2 ($string) of type string is deprecated in APPPATH\Controllers\Anime.php on line 98.
 1 APPPATH\Controllers\Anime.php(98): explode(',', null)
 2 SYSTEMPATH\CodeIgniter.php(934): App\Controllers\Anime->insertGenres()
 3 SYSTEMPATH\CodeIgniter.php(499): CodeIgniter\CodeIgniter->runController(Object(App\Controllers\Anime))
 4 SYSTEMPATH\CodeIgniter.php(368): CodeIgniter\CodeIgniter->handleRequest(null, Object(Config\Cache), false)
 5 FCPATH\index.php(67): CodeIgniter\CodeIgniter->run()
WARNING - 2023-06-23 23:15:01 --> [DEPRECATED] explode(): Passing null to parameter #2 ($string) of type string is deprecated in APPPATH\Controllers\Anime.php on line 98.
 1 APPPATH\Controllers\Anime.php(98): explode(',', null)
 2 SYSTEMPATH\CodeIgniter.php(934): App\Controllers\Anime->insertGenres()
 3 SYSTEMPATH\CodeIgniter.php(499): CodeIgniter\CodeIgniter->runController(Object(App\Controllers\Anime))
 4 SYSTEMPATH\CodeIgniter.php(368): CodeIgniter\CodeIgniter->handleRequest(null, Object(Config\Cache), false)
 5 FCPATH\index.php(67): CodeIgniter\CodeIgniter->run()
WARNING - 2023-06-23 23:15:32 --> [DEPRECATED] explode(): Passing null to parameter #2 ($string) of type string is deprecated in APPPATH\Controllers\Anime.php on line 98.
 1 APPPATH\Controllers\Anime.php(98): explode(',', null)
 2 SYSTEMPATH\CodeIgniter.php(934): App\Controllers\Anime->insertGenres()
 3 SYSTEMPATH\CodeIgniter.php(499): CodeIgniter\CodeIgniter->runController(Object(App\Controllers\Anime))
 4 SYSTEMPATH\CodeIgniter.php(368): CodeIgniter\CodeIgniter->handleRequest(null, Object(Config\Cache), false)
 5 FCPATH\index.php(67): CodeIgniter\CodeIgniter->run()
WARNING - 2023-06-23 23:25:37 --> [DEPRECATED] explode(): Passing null to parameter #2 ($string) of type string is deprecated in APPPATH\Controllers\Anime.php on line 98.
 1 APPPATH\Controllers\Anime.php(98): explode(',', null)
 2 SYSTEMPATH\CodeIgniter.php(934): App\Controllers\Anime->insertStudios()
 3 SYSTEMPATH\CodeIgniter.php(499): CodeIgniter\CodeIgniter->runController(Object(App\Controllers\Anime))
 4 SYSTEMPATH\CodeIgniter.php(368): CodeIgniter\CodeIgniter->handleRequest(null, Object(Config\Cache), false)
 5 FCPATH\index.php(67): CodeIgniter\CodeIgniter->run()
WARNING - 2023-06-23 23:25:37 --> [DEPRECATED] explode(): Passing null to parameter #2 ($string) of type string is deprecated in APPPATH\Controllers\Anime.php on line 98.
 1 APPPATH\Controllers\Anime.php(98): explode(',', null)
 2 SYSTEMPATH\CodeIgniter.php(934): App\Controllers\Anime->insertStudios()
 3 SYSTEMPATH\CodeIgniter.php(499): CodeIgniter\CodeIgniter->runController(Object(App\Controllers\Anime))
 4 SYSTEMPATH\CodeIgniter.php(368): CodeIgniter\CodeIgniter->handleRequest(null, Object(Config\Cache), false)
 5 FCPATH\index.php(67): CodeIgniter\CodeIgniter->run()
